21-Oct-2019 14:23:30.072 信息 [main] org.apache.catalina.startup.VersionLoggerListener.log Server.服务器版本:        Apache Tomcat/8.5.46
21-Oct-2019 14:23:30.178 信息 [main] org.apache.catalina.startup.VersionLoggerListener.log 服务器构建:          Sep 16 2019 18:16:19 UTC
21-Oct-2019 14:23:30.178 信息 [main] org.apache.catalina.startup.VersionLoggerListener.log Server version number: 8.5.46.0
21-Oct-2019 14:23:30.178 信息 [main] org.apache.catalina.startup.VersionLoggerListener.log OS Name:               Linux
21-Oct-2019 14:23:30.178 信息 [main] org.apache.catalina.startup.VersionLoggerListener.log OS.版本:            3.10.0-957.10.1.el7.x86_64
21-Oct-2019 14:23:30.178 信息 [main] org.apache.catalina.startup.VersionLoggerListener.log 架构:          i386
21-Oct-2019 14:23:30.178 信息 [main] org.apache.catalina.startup.VersionLoggerListener.log Java 环境变量:             /usr/local/jdk1.8/jre
21-Oct-2019 14:23:30.178 信息 [main] org.apache.catalina.startup.VersionLoggerListener.log JVM 版本:           1.8.0_221-b11
21-Oct-2019 14:23:30.178 信息 [main] org.apache.catalina.startup.VersionLoggerListener.log JVM.供应商:            Oracle Corporation
21-Oct-2019 14:23:30.178 信息 [main] org.apache.catalina.startup.VersionLoggerListener.log CATALINA_BASE:         /usr/local/tomcat8.5
21-Oct-2019 14:23:30.178 信息 [main] org.apache.catalina.startup.VersionLoggerListener.log CATALINA_HOME:         /usr/local/tomcat8.5
21-Oct-2019 14:23:30.179 信息 [main] org.apache.catalina.startup.VersionLoggerListener.log Command line argument: -Djava.util.logging.config.file=/usr/local/tomcat8.5/conf/logging.properties
21-Oct-2019 14:23:30.179 信息 [main] org.apache.catalina.startup.VersionLoggerListener.log Command line argument: -Djava.util.logging.manager=org.apache.juli.ClassLoaderLogManager
21-Oct-2019 14:23:30.179 信息 [main] org.apache.catalina.startup.VersionLoggerListener.log Command line argument: -Djdk.tls.ephemeralDHKeySize=2048
21-Oct-2019 14:23:30.179 信息 [main] org.apache.catalina.startup.VersionLoggerListener.log Command line argument: -Djava.protocol.handler.pkgs=org.apache.catalina.webresources
21-Oct-2019 14:23:30.179 信息 [main] org.apache.catalina.startup.VersionLoggerListener.log Command line argument: -Dorg.apache.catalina.security.SecurityListener.UMASK=0027
21-Oct-2019 14:23:30.179 信息 [main] org.apache.catalina.startup.VersionLoggerListener.log Command line argument: -Dignore.endorsed.dirs=
21-Oct-2019 14:23:30.179 信息 [main] org.apache.catalina.startup.VersionLoggerListener.log Command line argument: -Dcatalina.base=/usr/local/tomcat8.5
21-Oct-2019 14:23:30.179 信息 [main] org.apache.catalina.startup.VersionLoggerListener.log Command line argument: -Dcatalina.home=/usr/local/tomcat8.5
21-Oct-2019 14:23:30.179 信息 [main] org.apache.catalina.startup.VersionLoggerListener.log Command line argument: -Djava.io.tmpdir=/usr/local/tomcat8.5/temp
21-Oct-2019 14:23:30.179 信息 [main] org.apache.catalina.core.AprLifecycleListener.lifecycleEvent The APR based Apache Tomcat Native library which allows optimal performance in production environments was not found on the java.library.path: [/usr/java/packages/lib/i386:/lib:/usr/lib]
21-Oct-2019 14:23:30.649 信息 [main] org.apache.coyote.AbstractProtocol.init 初始化协议处理器 ["http-nio-8181"]
21-Oct-2019 14:23:30.660 信息 [main] org.apache.tomcat.util.net.NioSelectorPool.getSharedSelector Using a shared selector for servlet write/read
21-Oct-2019 14:23:30.670 信息 [main] org.apache.coyote.AbstractProtocol.init 初始化协议处理器 ["ajp-nio-8009"]
21-Oct-2019 14:23:30.671 信息 [main] org.apache.tomcat.util.net.NioSelectorPool.getSharedSelector Using a shared selector for servlet write/read
21-Oct-2019 14:23:30.675 信息 [main] org.apache.catalina.startup.Catalina.load Initialization processed in 2113 ms
21-Oct-2019 14:23:30.735 信息 [main] org.apache.catalina.core.StandardService.startInternal Starting service [Catalina]
21-Oct-2019 14:23:30.735 信息 [main] org.apache.catalina.core.StandardEngine.startInternal Starting Servlet Engine: Apache Tomcat/8.5.46
21-Oct-2019 14:23:30.774 信息 [localhost-startStop-1] org.apache.catalina.startup.HostConfig.deployWAR Deploying web application archive [/usr/local/tomcat8.5/webapps/lab-1.0-SNAPSHOT.war]
21-Oct-2019 14:23:34.311 信息 [localhost-startStop-1] org.apache.jasper.servlet.TldScanner.scanJars 至少有一个JAR被扫描用于TLD但尚未包含TLD。 为此记录器启用调试日志记录，以获取已扫描但未在其中找到TLD的完整JAR列表。 在扫描期间跳过不需要的JAR可以缩短启动时间和JSP编译时间。
21-Oct-2019 14:23:36.939 信息 [localhost-startStop-1] org.apache.catalina.startup.HostConfig.deployWAR Deployment of web application archive [/usr/local/tomcat8.5/webapps/lab-1.0-SNAPSHOT.war] has finished in [6,164] ms
21-Oct-2019 14:23:36.942 信息 [localhost-startStop-1] org.apache.catalina.startup.HostConfig.deployDirectory 把web 应用程序部署到目录 [/usr/local/tomcat8.5/webapps/docs]
21-Oct-2019 14:23:37.062 信息 [localhost-startStop-1] org.apache.catalina.startup.HostConfig.deployDirectory Deployment of web application directory [/usr/local/tomcat8.5/webapps/docs] has finished in [120] ms
21-Oct-2019 14:23:37.063 信息 [localhost-startStop-1] org.apache.catalina.startup.HostConfig.deployDirectory 把web 应用程序部署到目录 [/usr/local/tomcat8.5/webapps/examples]
21-Oct-2019 14:23:37.478 信息 [localhost-startStop-1] org.apache.catalina.startup.HostConfig.deployDirectory Deployment of web application directory [/usr/local/tomcat8.5/webapps/examples] has finished in [415] ms
21-Oct-2019 14:23:37.479 信息 [localhost-startStop-1] org.apache.catalina.startup.HostConfig.deployDirectory 把web 应用程序部署到目录 [/usr/local/tomcat8.5/webapps/ROOT]
21-Oct-2019 14:23:37.504 信息 [localhost-startStop-1] org.apache.catalina.startup.HostConfig.deployDirectory Deployment of web application directory [/usr/local/tomcat8.5/webapps/ROOT] has finished in [25] ms
21-Oct-2019 14:23:37.504 信息 [localhost-startStop-1] org.apache.catalina.startup.HostConfig.deployDirectory 把web 应用程序部署到目录 [/usr/local/tomcat8.5/webapps/manager]
21-Oct-2019 14:23:37.594 信息 [localhost-startStop-1] org.apache.catalina.startup.HostConfig.deployDirectory Deployment of web application directory [/usr/local/tomcat8.5/webapps/manager] has finished in [90] ms
21-Oct-2019 14:23:37.594 信息 [localhost-startStop-1] org.apache.catalina.startup.HostConfig.deployDirectory 把web 应用程序部署到目录 [/usr/local/tomcat8.5/webapps/host-manager]
21-Oct-2019 14:23:37.616 信息 [localhost-startStop-1] org.apache.catalina.startup.HostConfig.deployDirectory Deployment of web application directory [/usr/local/tomcat8.5/webapps/host-manager] has finished in [21] ms
21-Oct-2019 14:23:37.619 信息 [main] org.apache.coyote.AbstractProtocol.start 开始协议处理句柄["http-nio-8181"]
21-Oct-2019 14:23:37.628 信息 [main] org.apache.coyote.AbstractProtocol.start 开始协议处理句柄["ajp-nio-8009"]
21-Oct-2019 14:23:37.629 信息 [main] org.apache.catalina.startup.Catalina.start Server startup in 6954 ms
21-Oct-2019 17:54:38.252 信息 [http-nio-8181-exec-2] org.apache.coyote.http11.Http11Processor.service 解析 HTTP 请求 header 错误
 Note: further occurrences of HTTP request parsing errors will be logged at DEBUG level.
	java.lang.IllegalArgumentException: 在方法名称中发现无效的字符串, HTTP 方法名必须是有效的符号.
		at org.apache.coyote.http11.Http11InputBuffer.parseRequestLine(Http11InputBuffer.java:430)
		at org.apache.coyote.http11.Http11Processor.service(Http11Processor.java:682)
		at org.apache.coyote.AbstractProcessorLight.process(AbstractProcessorLight.java:66)
		at org.apache.coyote.AbstractProtocol$ConnectionHandler.process(AbstractProtocol.java:810)
		at org.apache.tomcat.util.net.NioEndpoint$SocketProcessor.doRun(NioEndpoint.java:1500)
		at org.apache.tomcat.util.net.SocketProcessorBase.run(SocketProcessorBase.java:49)
		at java.util.concurrent.ThreadPoolExecutor.runWorker(ThreadPoolExecutor.java:1149)
		at java.util.concurrent.ThreadPoolExecutor$Worker.run(ThreadPoolExecutor.java:624)
		at org.apache.tomcat.util.threads.TaskThread$WrappingRunnable.run(TaskThread.java:61)
		at java.lang.Thread.run(Thread.java:748)
