[INFO] [2019-09-29 20:28:31][org.springframework.web.context.ContextLoader]Root WebApplicationContext: initialization started
[INFO] [2019-09-29 20:28:31][org.springframework.web.context.support.XmlWebApplicationContext]Refreshing Root WebApplicationContext: startup date [Sun Sep 29 20:28:31 CST 2019]; root of context hierarchy
[INFO] [2019-09-29 20:28:31][org.springframework.beans.factory.xml.XmlBeanDefinitionReader]Loading XML bean definitions from class path resource [spring-mybatis.xml]
[INFO] [2019-09-29 20:28:32][org.springframework.beans.factory.config.PropertyPlaceholderConfigurer]Loading properties file from class path resource [jdbc.properties]
[INFO] [2019-09-29 20:28:32][org.springframework.beans.factory.annotation.AutowiredAnnotationBeanPostProcessor]JSR-330 'javax.inject.Inject' annotation found and supported for autowiring
[INFO] [2019-09-29 20:28:32][org.springframework.web.context.ContextLoader]Root WebApplicationContext: initialization completed in 1322 ms
[INFO] [2019-09-29 20:28:32][org.springframework.web.servlet.DispatcherServlet]FrameworkServlet 'SpringMVC': initialization started
[INFO] [2019-09-29 20:28:32][org.springframework.web.context.support.XmlWebApplicationContext]Refreshing WebApplicationContext for namespace 'SpringMVC-servlet': startup date [Sun Sep 29 20:28:32 CST 2019]; parent: Root WebApplicationContext
[INFO] [2019-09-29 20:28:32][org.springframework.beans.factory.xml.XmlBeanDefinitionReader]Loading XML bean definitions from file [/usr/local/tomcat8.5/webapps/lab-1.0-SNAPSHOT/WEB-INF/classes/spring-mvc.xml]
[INFO] [2019-09-29 20:28:33][org.springframework.beans.factory.xml.XmlBeanDefinitionReader]Loading XML bean definitions from file [/usr/local/tomcat8.5/webapps/lab-1.0-SNAPSHOT/WEB-INF/classes/spring-mybatis.xml]
[INFO] [2019-09-29 20:28:33][org.springframework.beans.factory.config.PropertyPlaceholderConfigurer]Loading properties file from class path resource [jdbc.properties]
[INFO] [2019-09-29 20:28:33][org.springframework.beans.factory.annotation.AutowiredAnnotationBeanPostProcessor]JSR-330 'javax.inject.Inject' annotation found and supported for autowiring
[INFO] [2019-09-29 20:28:33][org.springframework.web.servlet.mvc.method.annotation.RequestMappingHandlerMapping]Mapped "{[/deviceController/getSubNameById.json],methods=[POST],params=[],headers=[],consumes=[],produces=[],custom=[]}" onto public java.lang.String com.jie.controller.deviceController.getSubNameById(java.util.Map)
[INFO] [2019-09-29 20:28:33][org.springframework.web.servlet.mvc.method.annotation.RequestMappingHandlerMapping]Mapped "{[/deviceController/getLinkGuideInfo.json],methods=[POST],params=[],headers=[],consumes=[],produces=[],custom=[]}" onto public java.util.Map com.jie.controller.deviceController.getLinkGuideInfo(java.util.Map)
[INFO] [2019-09-29 20:28:33][org.springframework.web.servlet.mvc.method.annotation.RequestMappingHandlerMapping]Mapped "{[/deviceController/updateDevice.json],methods=[POST],params=[],headers=[],consumes=[],produces=[],custom=[]}" onto public boolean com.jie.controller.deviceController.updateDevice(java.util.Map)
[INFO] [2019-09-29 20:28:33][org.springframework.web.servlet.mvc.method.annotation.RequestMappingHandlerMapping]Mapped "{[/deviceController/getDeviceName.json],methods=[POST],params=[],headers=[],consumes=[],produces=[],custom=[]}" onto public java.lang.String com.jie.controller.deviceController.getDeviceName(java.util.Map)
[INFO] [2019-09-29 20:28:33][org.springframework.web.servlet.mvc.method.annotation.RequestMappingHandlerMapping]Mapped "{[/params/getUser/{id}],methods=[],params=[],headers=[],consumes=[],produces=[],custom=[]}" onto public org.springframework.web.servlet.ModelAndView com.jie.controller.ParamsController.pathVariable(java.lang.String)
[INFO] [2019-09-29 20:28:33][org.springframework.web.servlet.mvc.method.annotation.RequestMappingHandlerMapping]Mapped "{[/advice/test],methods=[],params=[],headers=[],consumes=[],produces=[],custom=[]}" onto public java.util.Map<java.lang.String, java.lang.Object> com.jie.controller.advice.MyAdviceController.testAdvice(java.util.Date,java.math.BigDecimal,org.springframework.ui.Model)
[INFO] [2019-09-29 20:28:33][org.springframework.web.servlet.mvc.method.annotation.RequestMappingHandlerMapping]Mapped "{[/file/uploadMultipartFile.json],methods=[POST],params=[],headers=[],consumes=[],produces=[],custom=[]}" onto public org.springframework.web.servlet.ModelAndView com.jie.controller.FileController.uploadMultipartFile(org.springframework.web.multipart.MultipartFile)
[INFO] [2019-09-29 20:28:33][org.springframework.web.servlet.mvc.method.annotation.RequestMappingHandlerMapping]Mapped "{[/file/uploadFile.do],methods=[],params=[],headers=[],consumes=[],produces=[text/html;charset=utf-8],custom=[]}" onto public com.alibaba.fastjson.JSONObject com.jie.controller.FileController.importPicFile1(org.springframework.web.multipart.MultipartFile,javax.servlet.http.HttpServletRequest)
[INFO] [2019-09-29 20:28:33][org.springframework.web.servlet.mvc.method.annotation.RequestMappingHandlerMapping]Mapped "{[/file/downloadImage],methods=[GET],params=[],headers=[],consumes=[],produces=[],custom=[]}" onto public void com.jie.controller.FileController.getImage(java.lang.String,int,javax.servlet.http.HttpServletResponse)
[INFO] [2019-09-29 20:28:33][org.springframework.web.servlet.mvc.method.annotation.RequestMappingHandlerMapping]Mapped "{[/file/downloadUserPortrait.json],methods=[POST],params=[],headers=[],consumes=[],produces=[],custom=[]}" onto public void com.jie.controller.FileController.getUserImage(java.util.Map,javax.servlet.http.HttpServletResponse) throws java.io.IOException
[INFO] [2019-09-29 20:28:33][org.springframework.web.servlet.mvc.method.annotation.RequestMappingHandlerMapping]Mapped "{[/file/updateUserPortrait],methods=[POST || GET],params=[],headers=[],consumes=[],produces=[],custom=[]}" onto public boolean com.jie.controller.FileController.updateUserPortrait(javax.servlet.http.HttpServletRequest,java.util.List<org.springframework.web.multipart.MultipartFile>)
[INFO] [2019-09-29 20:28:33][org.springframework.web.servlet.mvc.method.annotation.RequestMappingHandlerMapping]Mapped "{[/file/updateFile.json],methods=[POST || GET],params=[],headers=[],consumes=[],produces=[],custom=[]}" onto public java.util.ArrayList<java.lang.String> com.jie.controller.FileController.updateFile(java.lang.String,java.util.List<org.springframework.web.multipart.MultipartFile>)
[INFO] [2019-09-29 20:28:33][org.springframework.web.servlet.mvc.method.annotation.RequestMappingHandlerMapping]Mapped "{[/file/downloadFile],methods=[POST],params=[],headers=[],consumes=[],produces=[],custom=[]}" onto public void com.jie.controller.FileController.getFile(java.lang.String,javax.servlet.http.HttpServletResponse)
[INFO] [2019-09-29 20:28:33][org.springframework.web.servlet.mvc.method.annotation.RequestMappingHandlerMapping]Mapped "{[/user/insertDevicePoints.json],methods=[POST],params=[],headers=[],consumes=[],produces=[],custom=[]}" onto public void com.jie.controller.userController.insertDevicePoints(java.util.Map)
[INFO] [2019-09-29 20:28:33][org.springframework.web.servlet.mvc.method.annotation.RequestMappingHandlerMapping]Mapped "{[/user/deleteDevicePoints.json],methods=[POST],params=[],headers=[],consumes=[],produces=[],custom=[]}" onto public void com.jie.controller.userController.deleteDevicePoints(java.util.Map)
[INFO] [2019-09-29 20:28:33][org.springframework.web.servlet.mvc.method.annotation.RequestMappingHandlerMapping]Mapped "{[/user/selectDevicePoints.json],methods=[POST],params=[],headers=[],consumes=[],produces=[],custom=[]}" onto public java.util.List<java.lang.String> com.jie.controller.userController.selectDevicePoints(java.util.Map)
[INFO] [2019-09-29 20:28:33][org.springframework.web.servlet.mvc.method.annotation.RequestMappingHandlerMapping]Mapped "{[/user/selectDevicePositionAndPoints.json],methods=[POST],params=[],headers=[],consumes=[],produces=[],custom=[]}" onto public java.util.List<com.jie.bean.PositionAndPoints> com.jie.controller.userController.selectDevicePositionAndPoints(java.util.Map)
[INFO] [2019-09-29 20:28:33][org.springframework.web.servlet.mvc.method.annotation.RequestMappingHandlerMapping]Mapped "{[/user/getSubNameById.json],methods=[POST],params=[],headers=[],consumes=[],produces=[],custom=[]}" onto public java.lang.String com.jie.controller.userController.getSubNameById(java.util.Map)
[INFO] [2019-09-29 20:28:33][org.springframework.web.servlet.mvc.method.annotation.RequestMappingHandlerMapping]Mapped "{[/user/getHistoryByHistoryId.json],methods=[POST],params=[],headers=[],consumes=[],produces=[],custom=[]}" onto public java.util.HashMap com.jie.controller.userController.getHistoryByHistoryId(java.util.Map)
[INFO] [2019-09-29 20:28:33][org.springframework.web.servlet.mvc.method.annotation.RequestMappingHandlerMapping]Mapped "{[/user/bindDevice.json],methods=[POST],params=[],headers=[],consumes=[],produces=[],custom=[]}" onto public boolean com.jie.controller.userController.bindDevice(java.util.Map)
[INFO] [2019-09-29 20:28:33][org.springframework.web.servlet.mvc.method.annotation.RequestMappingHandlerMapping]Mapped "{[/user/UnbundlingDevice.json],methods=[POST],params=[],headers=[],consumes=[],produces=[],custom=[]}" onto public boolean com.jie.controller.userController.UnbundlingDevice(java.util.Map)
[INFO] [2019-09-29 20:28:33][org.springframework.web.servlet.mvc.method.annotation.RequestMappingHandlerMapping]Mapped "{[/user/selectMyhistoryDevices.json],methods=[POST],params=[],headers=[],consumes=[],produces=[],custom=[]}" onto public java.util.List<com.jie.bean.myDeviceHistory> com.jie.controller.userController.selectMyhistoryDevices(java.util.Map)
[INFO] [2019-09-29 20:28:33][org.springframework.web.servlet.mvc.method.annotation.RequestMappingHandlerMapping]Mapped "{[/user/updateDevicePosition.json],methods=[POST],params=[],headers=[],consumes=[],produces=[],custom=[]}" onto public boolean com.jie.controller.userController.updateDevicePosition(java.util.Map)
[INFO] [2019-09-29 20:28:33][org.springframework.web.servlet.mvc.method.annotation.RequestMappingHandlerMapping]Mapped "{[/user/isRegister.json],methods=[POST],params=[],headers=[],consumes=[],produces=[],custom=[]}" onto public com.alibaba.fastjson.JSONObject com.jie.controller.userController.isRegister(java.util.Map)
[INFO] [2019-09-29 20:28:33][org.springframework.web.servlet.mvc.method.annotation.RequestMappingHandlerMapping]Mapped "{[/user/getMyDevices.json],methods=[POST],params=[],headers=[],consumes=[],produces=[],custom=[]}" onto public java.util.List<com.jie.bean.myDevice> com.jie.controller.userController.getMyDevices(java.util.Map)
[INFO] [2019-09-29 20:28:33][org.springframework.web.servlet.mvc.method.annotation.RequestMappingHandlerMapping]Mapped "{[/user/selectMyhistoryDeviceNames.json],methods=[POST],params=[],headers=[],consumes=[],produces=[],custom=[]}" onto public java.util.List<java.util.Map> com.jie.controller.userController.selectMyhistoryDeviceNames(java.util.Map)
[INFO] [2019-09-29 20:28:33][org.springframework.web.servlet.mvc.method.annotation.RequestMappingHandlerMapping]Mapped "{[/user/updateMyDevice.json],methods=[POST],params=[],headers=[],consumes=[],produces=[],custom=[]}" onto public boolean com.jie.controller.userController.updateMyDevice(java.util.Map)
[INFO] [2019-09-29 20:28:33][org.springframework.web.servlet.mvc.method.annotation.RequestMappingHandlerMapping]Mapped "{[/user/isExistInDevicePoints.json],methods=[POST],params=[],headers=[],consumes=[],produces=[],custom=[]}" onto public boolean com.jie.controller.userController.isExistInDevicePoints(java.util.Map)
[INFO] [2019-09-29 20:28:33][org.springframework.web.servlet.mvc.method.annotation.RequestMappingHandlerMapping]Mapped "{[/user/getMyDeviceHistory.json],methods=[POST],params=[],headers=[],consumes=[],produces=[],custom=[]}" onto public java.util.ArrayList<java.util.HashMap> com.jie.controller.userController.getMyDeviceHistory(java.util.Map)
[INFO] [2019-09-29 20:28:33][org.springframework.web.servlet.mvc.method.annotation.RequestMappingHandlerMapping]Mapped "{[/user/getUser],methods=[],params=[],headers=[],consumes=[],produces=[],custom=[]}" onto public com.jie.bean.User com.jie.controller.userController.getUser(java.lang.String)
[INFO] [2019-09-29 20:28:33][org.springframework.web.servlet.mvc.method.annotation.RequestMappingHandlerMapping]Mapped "{[/user/login.json],methods=[POST],params=[],headers=[],consumes=[],produces=[],custom=[]}" onto public void com.jie.controller.userController.login(javax.servlet.http.HttpServletRequest,javax.servlet.http.HttpServletResponse,org.springframework.ui.Model,java.util.Map)
[INFO] [2019-09-29 20:28:33][org.springframework.web.servlet.mvc.method.annotation.RequestMappingHandlerMapping]Mapped "{[/user/register.json],methods=[POST],params=[],headers=[],consumes=[],produces=[],custom=[]}" onto public com.alibaba.fastjson.JSONObject com.jie.controller.userController.register(java.util.Map)
[INFO] [2019-09-29 20:28:33][org.springframework.web.servlet.mvc.method.annotation.RequestMappingHandlerMapping]Mapped "{[/bathController/updateCv.json],methods=[POST],params=[],headers=[],consumes=[],produces=[],custom=[]}" onto public int com.jie.controller.BathController.updateCv(java.lang.String,java.lang.String)
[INFO] [2019-09-29 20:28:33][org.springframework.web.servlet.mvc.method.annotation.RequestMappingHandlerMapping]Mapped "{[/bathController/getCv.json],methods=[POST],params=[],headers=[],consumes=[],produces=[],custom=[]}" onto public double com.jie.controller.BathController.getCv(java.lang.String)
[INFO] [2019-09-29 20:28:33][org.springframework.web.servlet.mvc.method.annotation.RequestMappingHandlerMapping]Mapped "{[/bathController/getCoordinates.json],methods=[POST],params=[],headers=[],consumes=[],produces=[],custom=[]}" onto public com.jie.bean.Coordinates com.jie.controller.BathController.getCoordinates(int)
[INFO] [2019-09-29 20:28:33][org.springframework.web.servlet.mvc.method.annotation.RequestMappingHandlerMapping]Mapped "{[/bathController/getCoordinate.json],methods=[POST],params=[],headers=[],consumes=[],produces=[],custom=[]}" onto public com.jie.bean.Point com.jie.controller.BathController.getCoordinate(int)
[INFO] [2019-09-29 20:28:33][org.springframework.web.servlet.mvc.method.annotation.RequestMappingHandlerMapping]Mapped "{[/bathController/getDevice.json],methods=[POST],params=[],headers=[],consumes=[],produces=[],custom=[]}" onto public com.alibaba.fastjson.JSONObject com.jie.controller.BathController.getDevice(java.util.Map)
[INFO] [2019-09-29 20:28:33][org.springframework.web.servlet.mvc.method.annotation.RequestMappingHandlerMapping]Mapped "{[/bathController/settingBath.json],methods=[POST],params=[],headers=[],consumes=[],produces=[],custom=[]}" onto public com.alibaba.fastjson.JSONObject com.jie.controller.BathController.updateDevice(java.util.Map)
[INFO] [2019-09-29 20:28:33][org.springframework.web.servlet.mvc.method.annotation.RequestMappingHandlerMapping]Mapped "{[/bathController/setBathStatus.json],methods=[POST],params=[],headers=[],consumes=[],produces=[],custom=[]}" onto public int com.jie.controller.BathController.setBathStatus(int,int)
[INFO] [2019-09-29 20:28:33][org.springframework.web.servlet.mvc.method.annotation.RequestMappingHandlerMapping]Mapped "{[/bathController/getBathStatus.json],methods=[POST],params=[],headers=[],consumes=[],produces=[],custom=[]}" onto public int com.jie.controller.BathController.getBathStatus(java.util.Map)
[INFO] [2019-09-29 20:28:33][org.springframework.web.servlet.mvc.method.annotation.RequestMappingHandlerMapping]Mapped "{[/bathController/updateBath.json],methods=[POST],params=[],headers=[],consumes=[],produces=[],custom=[]}" onto public boolean com.jie.controller.BathController.updateBath(java.util.Map)
[INFO] [2019-09-29 20:28:33][org.springframework.web.servlet.mvc.method.annotation.RequestMappingHandlerMapping]Mapped "{[/bathController/getPoints.json],methods=[POST],params=[],headers=[],consumes=[],produces=[],custom=[]}" onto public java.lang.String com.jie.controller.BathController.getPoints(java.util.Map)
[INFO] [2019-09-29 20:28:33][org.springframework.web.servlet.mvc.method.annotation.RequestMappingHandlerMapping]Mapped "{[/bathController/updatePoints.json],methods=[POST],params=[],headers=[],consumes=[],produces=[],custom=[]}" onto public boolean com.jie.controller.BathController.updatePoints(java.util.Map)
[INFO] [2019-09-29 20:28:33][org.springframework.web.servlet.mvc.method.annotation.RequestMappingHandlerMapping]Mapped "{[/bathController/getBathInfo.json],methods=[POST],params=[],headers=[],consumes=[],produces=[],custom=[]}" onto public com.jie.bean.Bath com.jie.controller.BathController.getBathInfo(java.util.Map)
[INFO] [2019-09-29 20:28:33][org.springframework.web.servlet.mvc.method.annotation.RequestMappingHandlerMapping]Mapped "{[/bathController/updateCoordinates.json],methods=[POST],params=[],headers=[],consumes=[],produces=[],custom=[]}" onto public int com.jie.controller.BathController.updateCoordinates(int,double,double)
[INFO] [2019-09-29 20:28:33][org.springframework.web.servlet.mvc.method.annotation.RequestMappingHandlerMapping]Mapped "{[/bathController/clearCoordinates.json],methods=[POST],params=[],headers=[],consumes=[],produces=[],custom=[]}" onto public int com.jie.controller.BathController.clearCoordinates(int)
[INFO] [2019-09-29 20:28:33][org.springframework.web.servlet.mvc.method.annotation.RequestMappingHandlerMapping]Mapped "{[/bathController/getStartTime.json],methods=[POST],params=[],headers=[],consumes=[],produces=[],custom=[]}" onto public long com.jie.controller.BathController.getStartTime(java.util.Map)
[INFO] [2019-09-29 20:28:34][org.springframework.web.servlet.mvc.method.annotation.RequestMappingHandlerAdapter]Detected @ModelAttribute methods in commonControllerAdvice
[INFO] [2019-09-29 20:28:34][org.springframework.web.servlet.mvc.method.annotation.RequestMappingHandlerAdapter]Detected @InitBinder methods in commonControllerAdvice
[INFO] [2019-09-29 20:28:34][org.springframework.web.servlet.mvc.method.annotation.RequestMappingHandlerAdapter]Detected @ModelAttribute methods in commonControllerAdvice
[INFO] [2019-09-29 20:28:34][org.springframework.web.servlet.mvc.method.annotation.RequestMappingHandlerAdapter]Detected @InitBinder methods in commonControllerAdvice
[INFO] [2019-09-29 20:28:34][org.springframework.web.servlet.mvc.method.annotation.ExceptionHandlerExceptionResolver]Detected @ExceptionHandler methods in commonControllerAdvice
[INFO] [2019-09-29 20:28:34][org.springframework.web.servlet.handler.SimpleUrlHandlerMapping]Mapped URL path [/**] onto handler 'org.springframework.web.servlet.resource.DefaultServletHttpRequestHandler#0'
[INFO] [2019-09-29 20:28:34][org.springframework.web.servlet.handler.SimpleUrlHandlerMapping]Mapped URL path [/**/*.html] onto handler 'org.springframework.web.servlet.resource.ResourceHttpRequestHandler#0'
[INFO] [2019-09-29 20:28:34][org.springframework.web.servlet.handler.SimpleUrlHandlerMapping]Mapped URL path [/**/*.js] onto handler 'org.springframework.web.servlet.resource.ResourceHttpRequestHandler#1'
[INFO] [2019-09-29 20:28:34][org.springframework.web.servlet.handler.SimpleUrlHandlerMapping]Mapped URL path [/css/**] onto handler 'org.springframework.web.servlet.resource.ResourceHttpRequestHandler#2'
[INFO] [2019-09-29 20:28:34][org.springframework.web.servlet.handler.SimpleUrlHandlerMapping]Mapped URL path [/**/*.png] onto handler 'org.springframework.web.servlet.resource.ResourceHttpRequestHandler#3'
[INFO] [2019-09-29 20:28:34][org.springframework.web.servlet.handler.SimpleUrlHandlerMapping]Mapped URL path [/**/*.gif] onto handler 'org.springframework.web.servlet.resource.ResourceHttpRequestHandler#4'
[INFO] [2019-09-29 20:28:34][org.springframework.web.servlet.handler.SimpleUrlHandlerMapping]Mapped URL path [/**/*.woff] onto handler 'org.springframework.web.servlet.resource.ResourceHttpRequestHandler#5'
[INFO] [2019-09-29 20:28:34][org.springframework.web.servlet.handler.SimpleUrlHandlerMapping]Mapped URL path [/**/*.ttf] onto handler 'org.springframework.web.servlet.resource.ResourceHttpRequestHandler#6'
[INFO] [2019-09-29 20:28:34][org.springframework.web.servlet.handler.SimpleUrlHandlerMapping]Mapped URL path [/**/*.jpg] onto handler 'org.springframework.web.servlet.resource.ResourceHttpRequestHandler#7'
[INFO] [2019-09-29 20:28:34][org.springframework.web.servlet.handler.SimpleUrlHandlerMapping]Mapped URL path [/**/*.mp3] onto handler 'org.springframework.web.servlet.resource.ResourceHttpRequestHandler#8'
[INFO] [2019-09-29 20:28:34][org.springframework.web.servlet.handler.SimpleUrlHandlerMapping]Mapped URL path [/**/*.mp4] onto handler 'org.springframework.web.servlet.resource.ResourceHttpRequestHandler#9'
[INFO] [2019-09-29 20:28:34][org.springframework.web.servlet.DispatcherServlet]FrameworkServlet 'SpringMVC': initialization completed in 1796 ms
[INFO] [2019-09-29 20:50:39][org.springframework.web.context.support.XmlWebApplicationContext]Closing WebApplicationContext for namespace 'SpringMVC-servlet': startup date [Sun Sep 29 20:28:32 CST 2019]; parent: Root WebApplicationContext
[INFO] [2019-09-29 20:50:39][org.springframework.web.context.support.XmlWebApplicationContext]Closing Root WebApplicationContext: startup date [Sun Sep 29 20:28:31 CST 2019]; root of context hierarchy
[INFO] [2019-09-29 21:13:23][org.springframework.web.context.ContextLoader]Root WebApplicationContext: initialization started
[INFO] [2019-09-29 21:13:23][org.springframework.web.context.support.XmlWebApplicationContext]Refreshing Root WebApplicationContext: startup date [Sun Sep 29 21:13:23 CST 2019]; root of context hierarchy
[INFO] [2019-09-29 21:13:23][org.springframework.beans.factory.xml.XmlBeanDefinitionReader]Loading XML bean definitions from class path resource [spring-mybatis.xml]
[INFO] [2019-09-29 21:13:24][org.springframework.beans.factory.config.PropertyPlaceholderConfigurer]Loading properties file from class path resource [jdbc.properties]
[INFO] [2019-09-29 21:13:24][org.springframework.beans.factory.annotation.AutowiredAnnotationBeanPostProcessor]JSR-330 'javax.inject.Inject' annotation found and supported for autowiring
[INFO] [2019-09-29 21:13:24][org.springframework.web.context.ContextLoader]Root WebApplicationContext: initialization completed in 1286 ms
[INFO] [2019-09-29 21:13:25][org.springframework.web.servlet.DispatcherServlet]FrameworkServlet 'SpringMVC': initialization started
[INFO] [2019-09-29 21:13:25][org.springframework.web.context.support.XmlWebApplicationContext]Refreshing WebApplicationContext for namespace 'SpringMVC-servlet': startup date [Sun Sep 29 21:13:25 CST 2019]; parent: Root WebApplicationContext
[INFO] [2019-09-29 21:13:25][org.springframework.beans.factory.xml.XmlBeanDefinitionReader]Loading XML bean definitions from file [/usr/local/tomcat8.5/webapps/lab-1.0-SNAPSHOT/WEB-INF/classes/spring-mvc.xml]
[INFO] [2019-09-29 21:13:25][org.springframework.beans.factory.xml.XmlBeanDefinitionReader]Loading XML bean definitions from file [/usr/local/tomcat8.5/webapps/lab-1.0-SNAPSHOT/WEB-INF/classes/spring-mybatis.xml]
[INFO] [2019-09-29 21:13:25][org.springframework.beans.factory.config.PropertyPlaceholderConfigurer]Loading properties file from class path resource [jdbc.properties]
[INFO] [2019-09-29 21:13:25][org.springframework.beans.factory.annotation.AutowiredAnnotationBeanPostProcessor]JSR-330 'javax.inject.Inject' annotation found and supported for autowiring
[INFO] [2019-09-29 21:13:25][org.springframework.web.servlet.mvc.method.annotation.RequestMappingHandlerMapping]Mapped "{[/deviceController/getSubNameById.json],methods=[POST],params=[],headers=[],consumes=[],produces=[],custom=[]}" onto public java.lang.String com.jie.controller.deviceController.getSubNameById(java.util.Map)
[INFO] [2019-09-29 21:13:25][org.springframework.web.servlet.mvc.method.annotation.RequestMappingHandlerMapping]Mapped "{[/deviceController/getLinkGuideInfo.json],methods=[POST],params=[],headers=[],consumes=[],produces=[],custom=[]}" onto public java.util.Map com.jie.controller.deviceController.getLinkGuideInfo(java.util.Map)
[INFO] [2019-09-29 21:13:25][org.springframework.web.servlet.mvc.method.annotation.RequestMappingHandlerMapping]Mapped "{[/deviceController/updateDevice.json],methods=[POST],params=[],headers=[],consumes=[],produces=[],custom=[]}" onto public boolean com.jie.controller.deviceController.updateDevice(java.util.Map)
[INFO] [2019-09-29 21:13:25][org.springframework.web.servlet.mvc.method.annotation.RequestMappingHandlerMapping]Mapped "{[/deviceController/getDeviceName.json],methods=[POST],params=[],headers=[],consumes=[],produces=[],custom=[]}" onto public java.lang.String com.jie.controller.deviceController.getDeviceName(java.util.Map)
[INFO] [2019-09-29 21:13:25][org.springframework.web.servlet.mvc.method.annotation.RequestMappingHandlerMapping]Mapped "{[/params/getUser/{id}],methods=[],params=[],headers=[],consumes=[],produces=[],custom=[]}" onto public org.springframework.web.servlet.ModelAndView com.jie.controller.ParamsController.pathVariable(java.lang.String)
[INFO] [2019-09-29 21:13:25][org.springframework.web.servlet.mvc.method.annotation.RequestMappingHandlerMapping]Mapped "{[/advice/test],methods=[],params=[],headers=[],consumes=[],produces=[],custom=[]}" onto public java.util.Map<java.lang.String, java.lang.Object> com.jie.controller.advice.MyAdviceController.testAdvice(java.util.Date,java.math.BigDecimal,org.springframework.ui.Model)
[INFO] [2019-09-29 21:13:25][org.springframework.web.servlet.mvc.method.annotation.RequestMappingHandlerMapping]Mapped "{[/file/uploadMultipartFile.json],methods=[POST],params=[],headers=[],consumes=[],produces=[],custom=[]}" onto public org.springframework.web.servlet.ModelAndView com.jie.controller.FileController.uploadMultipartFile(org.springframework.web.multipart.MultipartFile)
[INFO] [2019-09-29 21:13:25][org.springframework.web.servlet.mvc.method.annotation.RequestMappingHandlerMapping]Mapped "{[/file/uploadFile.do],methods=[],params=[],headers=[],consumes=[],produces=[text/html;charset=utf-8],custom=[]}" onto public com.alibaba.fastjson.JSONObject com.jie.controller.FileController.importPicFile1(org.springframework.web.multipart.MultipartFile,javax.servlet.http.HttpServletRequest)
[INFO] [2019-09-29 21:13:25][org.springframework.web.servlet.mvc.method.annotation.RequestMappingHandlerMapping]Mapped "{[/file/downloadImage],methods=[GET],params=[],headers=[],consumes=[],produces=[],custom=[]}" onto public void com.jie.controller.FileController.getImage(java.lang.String,int,javax.servlet.http.HttpServletResponse)
[INFO] [2019-09-29 21:13:25][org.springframework.web.servlet.mvc.method.annotation.RequestMappingHandlerMapping]Mapped "{[/file/downloadUserPortrait.json],methods=[POST],params=[],headers=[],consumes=[],produces=[],custom=[]}" onto public void com.jie.controller.FileController.getUserImage(java.util.Map,javax.servlet.http.HttpServletResponse) throws java.io.IOException
[INFO] [2019-09-29 21:13:25][org.springframework.web.servlet.mvc.method.annotation.RequestMappingHandlerMapping]Mapped "{[/file/updateUserPortrait],methods=[POST || GET],params=[],headers=[],consumes=[],produces=[],custom=[]}" onto public boolean com.jie.controller.FileController.updateUserPortrait(javax.servlet.http.HttpServletRequest,java.util.List<org.springframework.web.multipart.MultipartFile>)
[INFO] [2019-09-29 21:13:25][org.springframework.web.servlet.mvc.method.annotation.RequestMappingHandlerMapping]Mapped "{[/file/updateFile.json],methods=[POST || GET],params=[],headers=[],consumes=[],produces=[],custom=[]}" onto public java.util.ArrayList<java.lang.String> com.jie.controller.FileController.updateFile(java.lang.String,java.util.List<org.springframework.web.multipart.MultipartFile>)
[INFO] [2019-09-29 21:13:25][org.springframework.web.servlet.mvc.method.annotation.RequestMappingHandlerMapping]Mapped "{[/file/downloadFile],methods=[POST],params=[],headers=[],consumes=[],produces=[],custom=[]}" onto public void com.jie.controller.FileController.getFile(java.lang.String,javax.servlet.http.HttpServletResponse)
[INFO] [2019-09-29 21:13:25][org.springframework.web.servlet.mvc.method.annotation.RequestMappingHandlerMapping]Mapped "{[/user/deleteDevicePoints.json],methods=[POST],params=[],headers=[],consumes=[],produces=[],custom=[]}" onto public void com.jie.controller.userController.deleteDevicePoints(java.util.Map)
[INFO] [2019-09-29 21:13:25][org.springframework.web.servlet.mvc.method.annotation.RequestMappingHandlerMapping]Mapped "{[/user/selectDevicePoints.json],methods=[POST],params=[],headers=[],consumes=[],produces=[],custom=[]}" onto public java.util.List<java.lang.String> com.jie.controller.userController.selectDevicePoints(java.util.Map)
[INFO] [2019-09-29 21:13:25][org.springframework.web.servlet.mvc.method.annotation.RequestMappingHandlerMapping]Mapped "{[/user/selectDevicePositionAndPoints.json],methods=[POST],params=[],headers=[],consumes=[],produces=[],custom=[]}" onto public java.util.List<com.jie.bean.PositionAndPoints> com.jie.controller.userController.selectDevicePositionAndPoints(java.util.Map)
[INFO] [2019-09-29 21:13:25][org.springframework.web.servlet.mvc.method.annotation.RequestMappingHandlerMapping]Mapped "{[/user/getSubNameById.json],methods=[POST],params=[],headers=[],consumes=[],produces=[],custom=[]}" onto public java.lang.String com.jie.controller.userController.getSubNameById(java.util.Map)
[INFO] [2019-09-29 21:13:25][org.springframework.web.servlet.mvc.method.annotation.RequestMappingHandlerMapping]Mapped "{[/user/getHistoryByHistoryId.json],methods=[POST],params=[],headers=[],consumes=[],produces=[],custom=[]}" onto public java.util.HashMap com.jie.controller.userController.getHistoryByHistoryId(java.util.Map)
[INFO] [2019-09-29 21:13:25][org.springframework.web.servlet.mvc.method.annotation.RequestMappingHandlerMapping]Mapped "{[/user/bindDevice.json],methods=[POST],params=[],headers=[],consumes=[],produces=[],custom=[]}" onto public boolean com.jie.controller.userController.bindDevice(java.util.Map)
[INFO] [2019-09-29 21:13:25][org.springframework.web.servlet.mvc.method.annotation.RequestMappingHandlerMapping]Mapped "{[/user/UnbundlingDevice.json],methods=[POST],params=[],headers=[],consumes=[],produces=[],custom=[]}" onto public boolean com.jie.controller.userController.UnbundlingDevice(java.util.Map)
[INFO] [2019-09-29 21:13:25][org.springframework.web.servlet.mvc.method.annotation.RequestMappingHandlerMapping]Mapped "{[/user/selectMyhistoryDevices.json],methods=[POST],params=[],headers=[],consumes=[],produces=[],custom=[]}" onto public java.util.List<com.jie.bean.myDeviceHistory> com.jie.controller.userController.selectMyhistoryDevices(java.util.Map)
[INFO] [2019-09-29 21:13:25][org.springframework.web.servlet.mvc.method.annotation.RequestMappingHandlerMapping]Mapped "{[/user/updateDevicePosition.json],methods=[POST],params=[],headers=[],consumes=[],produces=[],custom=[]}" onto public boolean com.jie.controller.userController.updateDevicePosition(java.util.Map)
[INFO] [2019-09-29 21:13:25][org.springframework.web.servlet.mvc.method.annotation.RequestMappingHandlerMapping]Mapped "{[/user/insertDevicePoints.json],methods=[POST],params=[],headers=[],consumes=[],produces=[],custom=[]}" onto public void com.jie.controller.userController.insertDevicePoints(java.util.Map)
[INFO] [2019-09-29 21:13:25][org.springframework.web.servlet.mvc.method.annotation.RequestMappingHandlerMapping]Mapped "{[/user/isRegister.json],methods=[POST],params=[],headers=[],consumes=[],produces=[],custom=[]}" onto public com.alibaba.fastjson.JSONObject com.jie.controller.userController.isRegister(java.util.Map)
[INFO] [2019-09-29 21:13:25][org.springframework.web.servlet.mvc.method.annotation.RequestMappingHandlerMapping]Mapped "{[/user/getMyDevices.json],methods=[POST],params=[],headers=[],consumes=[],produces=[],custom=[]}" onto public java.util.List<com.jie.bean.myDevice> com.jie.controller.userController.getMyDevices(java.util.Map)
[INFO] [2019-09-29 21:13:25][org.springframework.web.servlet.mvc.method.annotation.RequestMappingHandlerMapping]Mapped "{[/user/selectMyhistoryDeviceNames.json],methods=[POST],params=[],headers=[],consumes=[],produces=[],custom=[]}" onto public java.util.List<java.util.Map> com.jie.controller.userController.selectMyhistoryDeviceNames(java.util.Map)
[INFO] [2019-09-29 21:13:25][org.springframework.web.servlet.mvc.method.annotation.RequestMappingHandlerMapping]Mapped "{[/user/updateMyDevice.json],methods=[POST],params=[],headers=[],consumes=[],produces=[],custom=[]}" onto public boolean com.jie.controller.userController.updateMyDevice(java.util.Map)
[INFO] [2019-09-29 21:13:25][org.springframework.web.servlet.mvc.method.annotation.RequestMappingHandlerMapping]Mapped "{[/user/isExistInDevicePoints.json],methods=[POST],params=[],headers=[],consumes=[],produces=[],custom=[]}" onto public boolean com.jie.controller.userController.isExistInDevicePoints(java.util.Map)
[INFO] [2019-09-29 21:13:25][org.springframework.web.servlet.mvc.method.annotation.RequestMappingHandlerMapping]Mapped "{[/user/getMyDeviceHistory.json],methods=[POST],params=[],headers=[],consumes=[],produces=[],custom=[]}" onto public java.util.ArrayList<java.util.HashMap> com.jie.controller.userController.getMyDeviceHistory(java.util.Map)
[INFO] [2019-09-29 21:13:25][org.springframework.web.servlet.mvc.method.annotation.RequestMappingHandlerMapping]Mapped "{[/user/getUser],methods=[],params=[],headers=[],consumes=[],produces=[],custom=[]}" onto public com.jie.bean.User com.jie.controller.userController.getUser(java.lang.String)
[INFO] [2019-09-29 21:13:25][org.springframework.web.servlet.mvc.method.annotation.RequestMappingHandlerMapping]Mapped "{[/user/login.json],methods=[POST],params=[],headers=[],consumes=[],produces=[],custom=[]}" onto public void com.jie.controller.userController.login(javax.servlet.http.HttpServletRequest,javax.servlet.http.HttpServletResponse,org.springframework.ui.Model,java.util.Map)
[INFO] [2019-09-29 21:13:25][org.springframework.web.servlet.mvc.method.annotation.RequestMappingHandlerMapping]Mapped "{[/user/register.json],methods=[POST],params=[],headers=[],consumes=[],produces=[],custom=[]}" onto public com.alibaba.fastjson.JSONObject com.jie.controller.userController.register(java.util.Map)
[INFO] [2019-09-29 21:13:25][org.springframework.web.servlet.mvc.method.annotation.RequestMappingHandlerMapping]Mapped "{[/bathController/updateCv.json],methods=[POST],params=[],headers=[],consumes=[],produces=[],custom=[]}" onto public int com.jie.controller.BathController.updateCv(java.lang.String,java.lang.String)
[INFO] [2019-09-29 21:13:25][org.springframework.web.servlet.mvc.method.annotation.RequestMappingHandlerMapping]Mapped "{[/bathController/getCv.json],methods=[POST],params=[],headers=[],consumes=[],produces=[],custom=[]}" onto public double com.jie.controller.BathController.getCv(java.lang.String)
[INFO] [2019-09-29 21:13:25][org.springframework.web.servlet.mvc.method.annotation.RequestMappingHandlerMapping]Mapped "{[/bathController/getCoordinates.json],methods=[POST],params=[],headers=[],consumes=[],produces=[],custom=[]}" onto public com.jie.bean.Coordinates com.jie.controller.BathController.getCoordinates(int)
[INFO] [2019-09-29 21:13:25][org.springframework.web.servlet.mvc.method.annotation.RequestMappingHandlerMapping]Mapped "{[/bathController/getCoordinate.json],methods=[POST],params=[],headers=[],consumes=[],produces=[],custom=[]}" onto public com.jie.bean.Point com.jie.controller.BathController.getCoordinate(int)
[INFO] [2019-09-29 21:13:25][org.springframework.web.servlet.mvc.method.annotation.RequestMappingHandlerMapping]Mapped "{[/bathController/setBathStatus.json],methods=[POST],params=[],headers=[],consumes=[],produces=[],custom=[]}" onto public int com.jie.controller.BathController.setBathStatus(int,int)
[INFO] [2019-09-29 21:13:25][org.springframework.web.servlet.mvc.method.annotation.RequestMappingHandlerMapping]Mapped "{[/bathController/getDevice.json],methods=[POST],params=[],headers=[],consumes=[],produces=[],custom=[]}" onto public com.alibaba.fastjson.JSONObject com.jie.controller.BathController.getDevice(java.util.Map)
[INFO] [2019-09-29 21:13:25][org.springframework.web.servlet.mvc.method.annotation.RequestMappingHandlerMapping]Mapped "{[/bathController/settingBath.json],methods=[POST],params=[],headers=[],consumes=[],produces=[],custom=[]}" onto public com.alibaba.fastjson.JSONObject com.jie.controller.BathController.updateDevice(java.util.Map)
[INFO] [2019-09-29 21:13:25][org.springframework.web.servlet.mvc.method.annotation.RequestMappingHandlerMapping]Mapped "{[/bathController/getBathStatus.json],methods=[POST],params=[],headers=[],consumes=[],produces=[],custom=[]}" onto public int com.jie.controller.BathController.getBathStatus(java.util.Map)
[INFO] [2019-09-29 21:13:25][org.springframework.web.servlet.mvc.method.annotation.RequestMappingHandlerMapping]Mapped "{[/bathController/updateBath.json],methods=[POST],params=[],headers=[],consumes=[],produces=[],custom=[]}" onto public boolean com.jie.controller.BathController.updateBath(java.util.Map)
[INFO] [2019-09-29 21:13:25][org.springframework.web.servlet.mvc.method.annotation.RequestMappingHandlerMapping]Mapped "{[/bathController/getPoints.json],methods=[POST],params=[],headers=[],consumes=[],produces=[],custom=[]}" onto public java.lang.String com.jie.controller.BathController.getPoints(java.util.Map)
[INFO] [2019-09-29 21:13:25][org.springframework.web.servlet.mvc.method.annotation.RequestMappingHandlerMapping]Mapped "{[/bathController/updatePoints.json],methods=[POST],params=[],headers=[],consumes=[],produces=[],custom=[]}" onto public boolean com.jie.controller.BathController.updatePoints(java.util.Map)
[INFO] [2019-09-29 21:13:25][org.springframework.web.servlet.mvc.method.annotation.RequestMappingHandlerMapping]Mapped "{[/bathController/getBathInfo.json],methods=[POST],params=[],headers=[],consumes=[],produces=[],custom=[]}" onto public com.jie.bean.Bath com.jie.controller.BathController.getBathInfo(java.util.Map)
[INFO] [2019-09-29 21:13:25][org.springframework.web.servlet.mvc.method.annotation.RequestMappingHandlerMapping]Mapped "{[/bathController/updateCoordinates.json],methods=[POST],params=[],headers=[],consumes=[],produces=[],custom=[]}" onto public int com.jie.controller.BathController.updateCoordinates(int,double,double)
[INFO] [2019-09-29 21:13:25][org.springframework.web.servlet.mvc.method.annotation.RequestMappingHandlerMapping]Mapped "{[/bathController/clearCoordinates.json],methods=[POST],params=[],headers=[],consumes=[],produces=[],custom=[]}" onto public int com.jie.controller.BathController.clearCoordinates(int)
[INFO] [2019-09-29 21:13:25][org.springframework.web.servlet.mvc.method.annotation.RequestMappingHandlerMapping]Mapped "{[/bathController/getStartTime.json],methods=[POST],params=[],headers=[],consumes=[],produces=[],custom=[]}" onto public long com.jie.controller.BathController.getStartTime(java.util.Map)
[INFO] [2019-09-29 21:13:26][org.springframework.web.servlet.mvc.method.annotation.RequestMappingHandlerAdapter]Detected @ModelAttribute methods in commonControllerAdvice
[INFO] [2019-09-29 21:13:26][org.springframework.web.servlet.mvc.method.annotation.RequestMappingHandlerAdapter]Detected @InitBinder methods in commonControllerAdvice
[INFO] [2019-09-29 21:13:26][org.springframework.web.servlet.mvc.method.annotation.RequestMappingHandlerAdapter]Detected @ModelAttribute methods in commonControllerAdvice
[INFO] [2019-09-29 21:13:26][org.springframework.web.servlet.mvc.method.annotation.RequestMappingHandlerAdapter]Detected @InitBinder methods in commonControllerAdvice
[INFO] [2019-09-29 21:13:26][org.springframework.web.servlet.mvc.method.annotation.ExceptionHandlerExceptionResolver]Detected @ExceptionHandler methods in commonControllerAdvice
[INFO] [2019-09-29 21:13:26][org.springframework.web.servlet.handler.SimpleUrlHandlerMapping]Mapped URL path [/**] onto handler 'org.springframework.web.servlet.resource.DefaultServletHttpRequestHandler#0'
[INFO] [2019-09-29 21:13:26][org.springframework.web.servlet.handler.SimpleUrlHandlerMapping]Mapped URL path [/**/*.html] onto handler 'org.springframework.web.servlet.resource.ResourceHttpRequestHandler#0'
[INFO] [2019-09-29 21:13:26][org.springframework.web.servlet.handler.SimpleUrlHandlerMapping]Mapped URL path [/**/*.js] onto handler 'org.springframework.web.servlet.resource.ResourceHttpRequestHandler#1'
[INFO] [2019-09-29 21:13:26][org.springframework.web.servlet.handler.SimpleUrlHandlerMapping]Mapped URL path [/css/**] onto handler 'org.springframework.web.servlet.resource.ResourceHttpRequestHandler#2'
[INFO] [2019-09-29 21:13:26][org.springframework.web.servlet.handler.SimpleUrlHandlerMapping]Mapped URL path [/**/*.png] onto handler 'org.springframework.web.servlet.resource.ResourceHttpRequestHandler#3'
[INFO] [2019-09-29 21:13:26][org.springframework.web.servlet.handler.SimpleUrlHandlerMapping]Mapped URL path [/**/*.gif] onto handler 'org.springframework.web.servlet.resource.ResourceHttpRequestHandler#4'
[INFO] [2019-09-29 21:13:26][org.springframework.web.servlet.handler.SimpleUrlHandlerMapping]Mapped URL path [/**/*.woff] onto handler 'org.springframework.web.servlet.resource.ResourceHttpRequestHandler#5'
[INFO] [2019-09-29 21:13:26][org.springframework.web.servlet.handler.SimpleUrlHandlerMapping]Mapped URL path [/**/*.ttf] onto handler 'org.springframework.web.servlet.resource.ResourceHttpRequestHandler#6'
[INFO] [2019-09-29 21:13:26][org.springframework.web.servlet.handler.SimpleUrlHandlerMapping]Mapped URL path [/**/*.jpg] onto handler 'org.springframework.web.servlet.resource.ResourceHttpRequestHandler#7'
[INFO] [2019-09-29 21:13:26][org.springframework.web.servlet.handler.SimpleUrlHandlerMapping]Mapped URL path [/**/*.mp3] onto handler 'org.springframework.web.servlet.resource.ResourceHttpRequestHandler#8'
[INFO] [2019-09-29 21:13:26][org.springframework.web.servlet.handler.SimpleUrlHandlerMapping]Mapped URL path [/**/*.mp4] onto handler 'org.springframework.web.servlet.resource.ResourceHttpRequestHandler#9'
[INFO] [2019-09-29 21:13:26][org.springframework.web.servlet.DispatcherServlet]FrameworkServlet 'SpringMVC': initialization completed in 1611 ms
[INFO] [2019-09-29 21:54:33][org.springframework.web.context.support.XmlWebApplicationContext]Closing WebApplicationContext for namespace 'SpringMVC-servlet': startup date [Sun Sep 29 21:13:25 CST 2019]; parent: Root WebApplicationContext
[INFO] [2019-09-29 21:54:33][org.springframework.web.context.support.XmlWebApplicationContext]Closing Root WebApplicationContext: startup date [Sun Sep 29 21:13:23 CST 2019]; root of context hierarchy
[INFO] [2019-09-29 21:56:09][org.springframework.web.context.ContextLoader]Root WebApplicationContext: initialization started
[INFO] [2019-09-29 21:56:09][org.springframework.web.context.support.XmlWebApplicationContext]Refreshing Root WebApplicationContext: startup date [Sun Sep 29 21:56:09 CST 2019]; root of context hierarchy
[INFO] [2019-09-29 21:56:09][org.springframework.beans.factory.xml.XmlBeanDefinitionReader]Loading XML bean definitions from class path resource [spring-mybatis.xml]
[INFO] [2019-09-29 21:56:10][org.springframework.beans.factory.config.PropertyPlaceholderConfigurer]Loading properties file from class path resource [jdbc.properties]
[INFO] [2019-09-29 21:56:10][org.springframework.beans.factory.annotation.AutowiredAnnotationBeanPostProcessor]JSR-330 'javax.inject.Inject' annotation found and supported for autowiring
[INFO] [2019-09-29 21:56:10][org.springframework.web.context.ContextLoader]Root WebApplicationContext: initialization completed in 1312 ms
[INFO] [2019-09-29 21:56:10][org.springframework.web.servlet.DispatcherServlet]FrameworkServlet 'SpringMVC': initialization started
[INFO] [2019-09-29 21:56:10][org.springframework.web.context.support.XmlWebApplicationContext]Refreshing WebApplicationContext for namespace 'SpringMVC-servlet': startup date [Sun Sep 29 21:56:10 CST 2019]; parent: Root WebApplicationContext
[INFO] [2019-09-29 21:56:10][org.springframework.beans.factory.xml.XmlBeanDefinitionReader]Loading XML bean definitions from file [/usr/local/tomcat8.5/webapps/lab-1.0-SNAPSHOT/WEB-INF/classes/spring-mvc.xml]
[INFO] [2019-09-29 21:56:10][org.springframework.beans.factory.xml.XmlBeanDefinitionReader]Loading XML bean definitions from file [/usr/local/tomcat8.5/webapps/lab-1.0-SNAPSHOT/WEB-INF/classes/spring-mybatis.xml]
[INFO] [2019-09-29 21:56:11][org.springframework.beans.factory.config.PropertyPlaceholderConfigurer]Loading properties file from class path resource [jdbc.properties]
[INFO] [2019-09-29 21:56:11][org.springframework.beans.factory.annotation.AutowiredAnnotationBeanPostProcessor]JSR-330 'javax.inject.Inject' annotation found and supported for autowiring
[INFO] [2019-09-29 21:56:11][org.springframework.web.servlet.mvc.method.annotation.RequestMappingHandlerMapping]Mapped "{[/deviceController/getSubNameById.json],methods=[POST],params=[],headers=[],consumes=[],produces=[],custom=[]}" onto public java.lang.String com.jie.controller.deviceController.getSubNameById(java.util.Map)
[INFO] [2019-09-29 21:56:11][org.springframework.web.servlet.mvc.method.annotation.RequestMappingHandlerMapping]Mapped "{[/deviceController/getLinkGuideInfo.json],methods=[POST],params=[],headers=[],consumes=[],produces=[],custom=[]}" onto public java.util.Map com.jie.controller.deviceController.getLinkGuideInfo(java.util.Map)
[INFO] [2019-09-29 21:56:11][org.springframework.web.servlet.mvc.method.annotation.RequestMappingHandlerMapping]Mapped "{[/deviceController/updateDevice.json],methods=[POST],params=[],headers=[],consumes=[],produces=[],custom=[]}" onto public boolean com.jie.controller.deviceController.updateDevice(java.util.Map)
[INFO] [2019-09-29 21:56:11][org.springframework.web.servlet.mvc.method.annotation.RequestMappingHandlerMapping]Mapped "{[/deviceController/getDeviceName.json],methods=[POST],params=[],headers=[],consumes=[],produces=[],custom=[]}" onto public java.lang.String com.jie.controller.deviceController.getDeviceName(java.util.Map)
[INFO] [2019-09-29 21:56:11][org.springframework.web.servlet.mvc.method.annotation.RequestMappingHandlerMapping]Mapped "{[/params/getUser/{id}],methods=[],params=[],headers=[],consumes=[],produces=[],custom=[]}" onto public org.springframework.web.servlet.ModelAndView com.jie.controller.ParamsController.pathVariable(java.lang.String)
[INFO] [2019-09-29 21:56:11][org.springframework.web.servlet.mvc.method.annotation.RequestMappingHandlerMapping]Mapped "{[/advice/test],methods=[],params=[],headers=[],consumes=[],produces=[],custom=[]}" onto public java.util.Map<java.lang.String, java.lang.Object> com.jie.controller.advice.MyAdviceController.testAdvice(java.util.Date,java.math.BigDecimal,org.springframework.ui.Model)
[INFO] [2019-09-29 21:56:11][org.springframework.web.servlet.mvc.method.annotation.RequestMappingHandlerMapping]Mapped "{[/file/uploadMultipartFile.json],methods=[POST],params=[],headers=[],consumes=[],produces=[],custom=[]}" onto public org.springframework.web.servlet.ModelAndView com.jie.controller.FileController.uploadMultipartFile(org.springframework.web.multipart.MultipartFile)
[INFO] [2019-09-29 21:56:11][org.springframework.web.servlet.mvc.method.annotation.RequestMappingHandlerMapping]Mapped "{[/file/uploadFile.do],methods=[],params=[],headers=[],consumes=[],produces=[text/html;charset=utf-8],custom=[]}" onto public com.alibaba.fastjson.JSONObject com.jie.controller.FileController.importPicFile1(org.springframework.web.multipart.MultipartFile,javax.servlet.http.HttpServletRequest)
[INFO] [2019-09-29 21:56:11][org.springframework.web.servlet.mvc.method.annotation.RequestMappingHandlerMapping]Mapped "{[/file/downloadImage],methods=[GET],params=[],headers=[],consumes=[],produces=[],custom=[]}" onto public void com.jie.controller.FileController.getImage(java.lang.String,int,javax.servlet.http.HttpServletResponse)
[INFO] [2019-09-29 21:56:11][org.springframework.web.servlet.mvc.method.annotation.RequestMappingHandlerMapping]Mapped "{[/file/downloadUserPortrait.json],methods=[POST],params=[],headers=[],consumes=[],produces=[],custom=[]}" onto public void com.jie.controller.FileController.getUserImage(java.util.Map,javax.servlet.http.HttpServletResponse) throws java.io.IOException
[INFO] [2019-09-29 21:56:11][org.springframework.web.servlet.mvc.method.annotation.RequestMappingHandlerMapping]Mapped "{[/file/updateUserPortrait],methods=[POST || GET],params=[],headers=[],consumes=[],produces=[],custom=[]}" onto public boolean com.jie.controller.FileController.updateUserPortrait(javax.servlet.http.HttpServletRequest,java.util.List<org.springframework.web.multipart.MultipartFile>)
[INFO] [2019-09-29 21:56:11][org.springframework.web.servlet.mvc.method.annotation.RequestMappingHandlerMapping]Mapped "{[/file/updateFile.json],methods=[POST || GET],params=[],headers=[],consumes=[],produces=[],custom=[]}" onto public java.util.ArrayList<java.lang.String> com.jie.controller.FileController.updateFile(java.lang.String,java.util.List<org.springframework.web.multipart.MultipartFile>)
[INFO] [2019-09-29 21:56:11][org.springframework.web.servlet.mvc.method.annotation.RequestMappingHandlerMapping]Mapped "{[/file/downloadFile],methods=[POST],params=[],headers=[],consumes=[],produces=[],custom=[]}" onto public void com.jie.controller.FileController.getFile(java.lang.String,javax.servlet.http.HttpServletResponse)
[INFO] [2019-09-29 21:56:11][org.springframework.web.servlet.mvc.method.annotation.RequestMappingHandlerMapping]Mapped "{[/user/getUser],methods=[],params=[],headers=[],consumes=[],produces=[],custom=[]}" onto public com.jie.bean.User com.jie.controller.userController.getUser(java.lang.String)
[INFO] [2019-09-29 21:56:11][org.springframework.web.servlet.mvc.method.annotation.RequestMappingHandlerMapping]Mapped "{[/user/updateDevicePosition.json],methods=[POST],params=[],headers=[],consumes=[],produces=[],custom=[]}" onto public boolean com.jie.controller.userController.updateDevicePosition(java.util.Map)
[INFO] [2019-09-29 21:56:11][org.springframework.web.servlet.mvc.method.annotation.RequestMappingHandlerMapping]Mapped "{[/user/insertDevicePoints.json],methods=[POST],params=[],headers=[],consumes=[],produces=[],custom=[]}" onto public void com.jie.controller.userController.insertDevicePoints(java.util.Map)
[INFO] [2019-09-29 21:56:11][org.springframework.web.servlet.mvc.method.annotation.RequestMappingHandlerMapping]Mapped "{[/user/deleteDevicePoints.json],methods=[POST],params=[],headers=[],consumes=[],produces=[],custom=[]}" onto public void com.jie.controller.userController.deleteDevicePoints(java.util.Map)
[INFO] [2019-09-29 21:56:11][org.springframework.web.servlet.mvc.method.annotation.RequestMappingHandlerMapping]Mapped "{[/user/selectDevicePoints.json],methods=[POST],params=[],headers=[],consumes=[],produces=[],custom=[]}" onto public java.util.List<java.lang.String> com.jie.controller.userController.selectDevicePoints(java.util.Map)
[INFO] [2019-09-29 21:56:11][org.springframework.web.servlet.mvc.method.annotation.RequestMappingHandlerMapping]Mapped "{[/user/selectDevicePositionAndPoints.json],methods=[POST],params=[],headers=[],consumes=[],produces=[],custom=[]}" onto public java.util.List<com.jie.bean.PositionAndPoints> com.jie.controller.userController.selectDevicePositionAndPoints(java.util.Map)
[INFO] [2019-09-29 21:56:11][org.springframework.web.servlet.mvc.method.annotation.RequestMappingHandlerMapping]Mapped "{[/user/getSubNameById.json],methods=[POST],params=[],headers=[],consumes=[],produces=[],custom=[]}" onto public java.lang.String com.jie.controller.userController.getSubNameById(java.util.Map)
[INFO] [2019-09-29 21:56:11][org.springframework.web.servlet.mvc.method.annotation.RequestMappingHandlerMapping]Mapped "{[/user/getHistoryByHistoryId.json],methods=[POST],params=[],headers=[],consumes=[],produces=[],custom=[]}" onto public java.util.HashMap com.jie.controller.userController.getHistoryByHistoryId(java.util.Map)
[INFO] [2019-09-29 21:56:11][org.springframework.web.servlet.mvc.method.annotation.RequestMappingHandlerMapping]Mapped "{[/user/bindDevice.json],methods=[POST],params=[],headers=[],consumes=[],produces=[],custom=[]}" onto public boolean com.jie.controller.userController.bindDevice(java.util.Map)
[INFO] [2019-09-29 21:56:11][org.springframework.web.servlet.mvc.method.annotation.RequestMappingHandlerMapping]Mapped "{[/user/UnbundlingDevice.json],methods=[POST],params=[],headers=[],consumes=[],produces=[],custom=[]}" onto public boolean com.jie.controller.userController.UnbundlingDevice(java.util.Map)
[INFO] [2019-09-29 21:56:11][org.springframework.web.servlet.mvc.method.annotation.RequestMappingHandlerMapping]Mapped "{[/user/selectMyhistoryDevices.json],methods=[POST],params=[],headers=[],consumes=[],produces=[],custom=[]}" onto public java.util.List<com.jie.bean.myDeviceHistory> com.jie.controller.userController.selectMyhistoryDevices(java.util.Map)
[INFO] [2019-09-29 21:56:11][org.springframework.web.servlet.mvc.method.annotation.RequestMappingHandlerMapping]Mapped "{[/user/isRegister.json],methods=[POST],params=[],headers=[],consumes=[],produces=[],custom=[]}" onto public com.alibaba.fastjson.JSONObject com.jie.controller.userController.isRegister(java.util.Map)
[INFO] [2019-09-29 21:56:11][org.springframework.web.servlet.mvc.method.annotation.RequestMappingHandlerMapping]Mapped "{[/user/getMyDevices.json],methods=[POST],params=[],headers=[],consumes=[],produces=[],custom=[]}" onto public java.util.List<com.jie.bean.myDevice> com.jie.controller.userController.getMyDevices(java.util.Map)
[INFO] [2019-09-29 21:56:11][org.springframework.web.servlet.mvc.method.annotation.RequestMappingHandlerMapping]Mapped "{[/user/selectMyhistoryDeviceNames.json],methods=[POST],params=[],headers=[],consumes=[],produces=[],custom=[]}" onto public java.util.List<java.util.Map> com.jie.controller.userController.selectMyhistoryDeviceNames(java.util.Map)
[INFO] [2019-09-29 21:56:11][org.springframework.web.servlet.mvc.method.annotation.RequestMappingHandlerMapping]Mapped "{[/user/updateMyDevice.json],methods=[POST],params=[],headers=[],consumes=[],produces=[],custom=[]}" onto public boolean com.jie.controller.userController.updateMyDevice(java.util.Map)
[INFO] [2019-09-29 21:56:11][org.springframework.web.servlet.mvc.method.annotation.RequestMappingHandlerMapping]Mapped "{[/user/isExistInDevicePoints.json],methods=[POST],params=[],headers=[],consumes=[],produces=[],custom=[]}" onto public boolean com.jie.controller.userController.isExistInDevicePoints(java.util.Map)
[INFO] [2019-09-29 21:56:11][org.springframework.web.servlet.mvc.method.annotation.RequestMappingHandlerMapping]Mapped "{[/user/getMyDeviceHistory.json],methods=[POST],params=[],headers=[],consumes=[],produces=[],custom=[]}" onto public java.util.ArrayList<java.util.HashMap> com.jie.controller.userController.getMyDeviceHistory(java.util.Map)
[INFO] [2019-09-29 21:56:11][org.springframework.web.servlet.mvc.method.annotation.RequestMappingHandlerMapping]Mapped "{[/user/login.json],methods=[POST],params=[],headers=[],consumes=[],produces=[],custom=[]}" onto public void com.jie.controller.userController.login(javax.servlet.http.HttpServletRequest,javax.servlet.http.HttpServletResponse,org.springframework.ui.Model,java.util.Map)
[INFO] [2019-09-29 21:56:11][org.springframework.web.servlet.mvc.method.annotation.RequestMappingHandlerMapping]Mapped "{[/user/register.json],methods=[POST],params=[],headers=[],consumes=[],produces=[],custom=[]}" onto public com.alibaba.fastjson.JSONObject com.jie.controller.userController.register(java.util.Map)
[INFO] [2019-09-29 21:56:11][org.springframework.web.servlet.mvc.method.annotation.RequestMappingHandlerMapping]Mapped "{[/bathController/updateCv.json],methods=[POST],params=[],headers=[],consumes=[],produces=[],custom=[]}" onto public int com.jie.controller.BathController.updateCv(java.lang.String,java.lang.String)
[INFO] [2019-09-29 21:56:11][org.springframework.web.servlet.mvc.method.annotation.RequestMappingHandlerMapping]Mapped "{[/bathController/getCv.json],methods=[POST],params=[],headers=[],consumes=[],produces=[],custom=[]}" onto public double com.jie.controller.BathController.getCv(java.lang.String)
[INFO] [2019-09-29 21:56:11][org.springframework.web.servlet.mvc.method.annotation.RequestMappingHandlerMapping]Mapped "{[/bathController/getCoordinates.json],methods=[POST],params=[],headers=[],consumes=[],produces=[],custom=[]}" onto public com.jie.bean.Coordinates com.jie.controller.BathController.getCoordinates(int)
[INFO] [2019-09-29 21:56:11][org.springframework.web.servlet.mvc.method.annotation.RequestMappingHandlerMapping]Mapped "{[/bathController/getDevice.json],methods=[POST],params=[],headers=[],consumes=[],produces=[],custom=[]}" onto public com.alibaba.fastjson.JSONObject com.jie.controller.BathController.getDevice(java.util.Map)
[INFO] [2019-09-29 21:56:11][org.springframework.web.servlet.mvc.method.annotation.RequestMappingHandlerMapping]Mapped "{[/bathController/settingBath.json],methods=[POST],params=[],headers=[],consumes=[],produces=[],custom=[]}" onto public com.alibaba.fastjson.JSONObject com.jie.controller.BathController.updateDevice(java.util.Map)
[INFO] [2019-09-29 21:56:11][org.springframework.web.servlet.mvc.method.annotation.RequestMappingHandlerMapping]Mapped "{[/bathController/getCoordinate.json],methods=[POST],params=[],headers=[],consumes=[],produces=[],custom=[]}" onto public com.jie.bean.Point com.jie.controller.BathController.getCoordinate(int)
[INFO] [2019-09-29 21:56:11][org.springframework.web.servlet.mvc.method.annotation.RequestMappingHandlerMapping]Mapped "{[/bathController/setBathStatus.json],methods=[POST],params=[],headers=[],consumes=[],produces=[],custom=[]}" onto public int com.jie.controller.BathController.setBathStatus(int,int)
[INFO] [2019-09-29 21:56:11][org.springframework.web.servlet.mvc.method.annotation.RequestMappingHandlerMapping]Mapped "{[/bathController/getBathStatus.json],methods=[POST],params=[],headers=[],consumes=[],produces=[],custom=[]}" onto public int com.jie.controller.BathController.getBathStatus(java.util.Map)
[INFO] [2019-09-29 21:56:11][org.springframework.web.servlet.mvc.method.annotation.RequestMappingHandlerMapping]Mapped "{[/bathController/updateBath.json],methods=[POST],params=[],headers=[],consumes=[],produces=[],custom=[]}" onto public boolean com.jie.controller.BathController.updateBath(java.util.Map)
[INFO] [2019-09-29 21:56:11][org.springframework.web.servlet.mvc.method.annotation.RequestMappingHandlerMapping]Mapped "{[/bathController/getPoints.json],methods=[POST],params=[],headers=[],consumes=[],produces=[],custom=[]}" onto public java.lang.String com.jie.controller.BathController.getPoints(java.util.Map)
[INFO] [2019-09-29 21:56:11][org.springframework.web.servlet.mvc.method.annotation.RequestMappingHandlerMapping]Mapped "{[/bathController/updatePoints.json],methods=[POST],params=[],headers=[],consumes=[],produces=[],custom=[]}" onto public boolean com.jie.controller.BathController.updatePoints(java.util.Map)
[INFO] [2019-09-29 21:56:11][org.springframework.web.servlet.mvc.method.annotation.RequestMappingHandlerMapping]Mapped "{[/bathController/getBathInfo.json],methods=[POST],params=[],headers=[],consumes=[],produces=[],custom=[]}" onto public com.jie.bean.Bath com.jie.controller.BathController.getBathInfo(java.util.Map)
[INFO] [2019-09-29 21:56:11][org.springframework.web.servlet.mvc.method.annotation.RequestMappingHandlerMapping]Mapped "{[/bathController/updateCoordinates.json],methods=[POST],params=[],headers=[],consumes=[],produces=[],custom=[]}" onto public int com.jie.controller.BathController.updateCoordinates(int,double,double)
[INFO] [2019-09-29 21:56:11][org.springframework.web.servlet.mvc.method.annotation.RequestMappingHandlerMapping]Mapped "{[/bathController/clearCoordinates.json],methods=[POST],params=[],headers=[],consumes=[],produces=[],custom=[]}" onto public int com.jie.controller.BathController.clearCoordinates(int)
[INFO] [2019-09-29 21:56:11][org.springframework.web.servlet.mvc.method.annotation.RequestMappingHandlerMapping]Mapped "{[/bathController/getStartTime.json],methods=[POST],params=[],headers=[],consumes=[],produces=[],custom=[]}" onto public long com.jie.controller.BathController.getStartTime(java.util.Map)
[INFO] [2019-09-29 21:56:12][org.springframework.web.servlet.mvc.method.annotation.RequestMappingHandlerAdapter]Detected @ModelAttribute methods in commonControllerAdvice
[INFO] [2019-09-29 21:56:12][org.springframework.web.servlet.mvc.method.annotation.RequestMappingHandlerAdapter]Detected @InitBinder methods in commonControllerAdvice
[INFO] [2019-09-29 21:56:12][org.springframework.web.servlet.mvc.method.annotation.RequestMappingHandlerAdapter]Detected @ModelAttribute methods in commonControllerAdvice
[INFO] [2019-09-29 21:56:12][org.springframework.web.servlet.mvc.method.annotation.RequestMappingHandlerAdapter]Detected @InitBinder methods in commonControllerAdvice
[INFO] [2019-09-29 21:56:12][org.springframework.web.servlet.mvc.method.annotation.ExceptionHandlerExceptionResolver]Detected @ExceptionHandler methods in commonControllerAdvice
[INFO] [2019-09-29 21:56:12][org.springframework.web.servlet.handler.SimpleUrlHandlerMapping]Mapped URL path [/**] onto handler 'org.springframework.web.servlet.resource.DefaultServletHttpRequestHandler#0'
[INFO] [2019-09-29 21:56:12][org.springframework.web.servlet.handler.SimpleUrlHandlerMapping]Mapped URL path [/**/*.html] onto handler 'org.springframework.web.servlet.resource.ResourceHttpRequestHandler#0'
[INFO] [2019-09-29 21:56:12][org.springframework.web.servlet.handler.SimpleUrlHandlerMapping]Mapped URL path [/**/*.js] onto handler 'org.springframework.web.servlet.resource.ResourceHttpRequestHandler#1'
[INFO] [2019-09-29 21:56:12][org.springframework.web.servlet.handler.SimpleUrlHandlerMapping]Mapped URL path [/css/**] onto handler 'org.springframework.web.servlet.resource.ResourceHttpRequestHandler#2'
[INFO] [2019-09-29 21:56:12][org.springframework.web.servlet.handler.SimpleUrlHandlerMapping]Mapped URL path [/**/*.png] onto handler 'org.springframework.web.servlet.resource.ResourceHttpRequestHandler#3'
[INFO] [2019-09-29 21:56:12][org.springframework.web.servlet.handler.SimpleUrlHandlerMapping]Mapped URL path [/**/*.gif] onto handler 'org.springframework.web.servlet.resource.ResourceHttpRequestHandler#4'
[INFO] [2019-09-29 21:56:12][org.springframework.web.servlet.handler.SimpleUrlHandlerMapping]Mapped URL path [/**/*.woff] onto handler 'org.springframework.web.servlet.resource.ResourceHttpRequestHandler#5'
[INFO] [2019-09-29 21:56:12][org.springframework.web.servlet.handler.SimpleUrlHandlerMapping]Mapped URL path [/**/*.ttf] onto handler 'org.springframework.web.servlet.resource.ResourceHttpRequestHandler#6'
[INFO] [2019-09-29 21:56:12][org.springframework.web.servlet.handler.SimpleUrlHandlerMapping]Mapped URL path [/**/*.jpg] onto handler 'org.springframework.web.servlet.resource.ResourceHttpRequestHandler#7'
[INFO] [2019-09-29 21:56:12][org.springframework.web.servlet.handler.SimpleUrlHandlerMapping]Mapped URL path [/**/*.mp3] onto handler 'org.springframework.web.servlet.resource.ResourceHttpRequestHandler#8'
[INFO] [2019-09-29 21:56:12][org.springframework.web.servlet.handler.SimpleUrlHandlerMapping]Mapped URL path [/**/*.mp4] onto handler 'org.springframework.web.servlet.resource.ResourceHttpRequestHandler#9'
[INFO] [2019-09-29 21:56:12][org.springframework.web.servlet.DispatcherServlet]FrameworkServlet 'SpringMVC': initialization completed in 1662 ms
[INFO] [2019-10-10 00:05:21][org.springframework.web.context.support.XmlWebApplicationContext]Closing WebApplicationContext for namespace 'SpringMVC-servlet': startup date [Sun Sep 29 21:56:10 CST 2019]; parent: Root WebApplicationContext
[INFO] [2019-10-10 00:05:21][org.springframework.web.context.support.XmlWebApplicationContext]Closing Root WebApplicationContext: startup date [Sun Sep 29 21:56:09 CST 2019]; root of context hierarchy
[INFO] [2019-11-13 13:03:49][org.springframework.web.context.ContextLoader]Root WebApplicationContext: initialization started
[INFO] [2019-11-13 13:03:50][org.springframework.web.context.support.XmlWebApplicationContext]Refreshing Root WebApplicationContext: startup date [Wed Nov 13 13:03:50 CST 2019]; root of context hierarchy
[INFO] [2019-11-13 13:03:50][org.springframework.beans.factory.xml.XmlBeanDefinitionReader]Loading XML bean definitions from class path resource [spring-mybatis.xml]
[INFO] [2019-11-13 13:03:50][org.springframework.beans.factory.config.PropertyPlaceholderConfigurer]Loading properties file from class path resource [jdbc.properties]
[INFO] [2019-11-13 13:03:50][org.springframework.beans.factory.annotation.AutowiredAnnotationBeanPostProcessor]JSR-330 'javax.inject.Inject' annotation found and supported for autowiring
[INFO] [2019-11-13 13:03:51][org.springframework.web.context.ContextLoader]Root WebApplicationContext: initialization completed in 1119 ms
[INFO] [2019-11-13 13:03:51][org.springframework.web.servlet.DispatcherServlet]FrameworkServlet 'SpringMVC': initialization started
[INFO] [2019-11-13 13:03:51][org.springframework.web.context.support.XmlWebApplicationContext]Refreshing WebApplicationContext for namespace 'SpringMVC-servlet': startup date [Wed Nov 13 13:03:51 CST 2019]; parent: Root WebApplicationContext
[INFO] [2019-11-13 13:03:51][org.springframework.beans.factory.xml.XmlBeanDefinitionReader]Loading XML bean definitions from file [/usr/local/tomcat8.5/webapps/lab-1.0-SNAPSHOT/WEB-INF/classes/spring-mvc.xml]
[INFO] [2019-11-13 13:03:51][org.springframework.beans.factory.xml.XmlBeanDefinitionReader]Loading XML bean definitions from file [/usr/local/tomcat8.5/webapps/lab-1.0-SNAPSHOT/WEB-INF/classes/spring-mybatis.xml]
[INFO] [2019-11-13 13:03:51][org.springframework.beans.factory.config.PropertyPlaceholderConfigurer]Loading properties file from class path resource [jdbc.properties]
[INFO] [2019-11-13 13:03:51][org.springframework.beans.factory.annotation.AutowiredAnnotationBeanPostProcessor]JSR-330 'javax.inject.Inject' annotation found and supported for autowiring
[INFO] [2019-11-13 13:03:51][org.springframework.web.servlet.mvc.method.annotation.RequestMappingHandlerMapping]Mapped "{[/deviceController/getSubNameById.json],methods=[POST],params=[],headers=[],consumes=[],produces=[],custom=[]}" onto public java.lang.String com.jie.controller.deviceController.getSubNameById(java.util.Map)
[INFO] [2019-11-13 13:03:51][org.springframework.web.servlet.mvc.method.annotation.RequestMappingHandlerMapping]Mapped "{[/deviceController/getLinkGuideInfo.json],methods=[POST],params=[],headers=[],consumes=[],produces=[],custom=[]}" onto public java.util.Map com.jie.controller.deviceController.getLinkGuideInfo(java.util.Map)
[INFO] [2019-11-13 13:03:51][org.springframework.web.servlet.mvc.method.annotation.RequestMappingHandlerMapping]Mapped "{[/deviceController/updateDevice.json],methods=[POST],params=[],headers=[],consumes=[],produces=[],custom=[]}" onto public boolean com.jie.controller.deviceController.updateDevice(java.util.Map)
[INFO] [2019-11-13 13:03:51][org.springframework.web.servlet.mvc.method.annotation.RequestMappingHandlerMapping]Mapped "{[/deviceController/getDeviceName.json],methods=[POST],params=[],headers=[],consumes=[],produces=[],custom=[]}" onto public java.lang.String com.jie.controller.deviceController.getDeviceName(java.util.Map)
[INFO] [2019-11-13 13:03:51][org.springframework.web.servlet.mvc.method.annotation.RequestMappingHandlerMapping]Mapped "{[/deviceController/getManageUsersActivityInfo.json],methods=[POST],params=[],headers=[],consumes=[],produces=[],custom=[]}" onto public java.util.HashMap com.jie.controller.deviceController.getManageUsersActivityInfo(java.util.Map)
[INFO] [2019-11-13 13:03:51][org.springframework.web.servlet.mvc.method.annotation.RequestMappingHandlerMapping]Mapped "{[/deviceController/getDeviceIdBySubId.json],methods=[POST],params=[],headers=[],consumes=[],produces=[],custom=[]}" onto public java.lang.Integer com.jie.controller.deviceController.getDeviceIdBySubId(java.util.Map)
[INFO] [2019-11-13 13:03:51][org.springframework.web.servlet.mvc.method.annotation.RequestMappingHandlerMapping]Mapped "{[/params/getUser/{id}],methods=[],params=[],headers=[],consumes=[],produces=[],custom=[]}" onto public org.springframework.web.servlet.ModelAndView com.jie.controller.ParamsController.pathVariable(java.lang.String)
[INFO] [2019-11-13 13:03:51][org.springframework.web.servlet.mvc.method.annotation.RequestMappingHandlerMapping]Mapped "{[/advice/test],methods=[],params=[],headers=[],consumes=[],produces=[],custom=[]}" onto public java.util.Map<java.lang.String, java.lang.Object> com.jie.controller.advice.MyAdviceController.testAdvice(java.util.Date,java.math.BigDecimal,org.springframework.ui.Model)
[INFO] [2019-11-13 13:03:51][org.springframework.web.servlet.mvc.method.annotation.RequestMappingHandlerMapping]Mapped "{[/file/uploadMultipartFile.json],methods=[POST],params=[],headers=[],consumes=[],produces=[],custom=[]}" onto public org.springframework.web.servlet.ModelAndView com.jie.controller.FileController.uploadMultipartFile(org.springframework.web.multipart.MultipartFile)
[INFO] [2019-11-13 13:03:51][org.springframework.web.servlet.mvc.method.annotation.RequestMappingHandlerMapping]Mapped "{[/file/uploadFile.do],methods=[],params=[],headers=[],consumes=[],produces=[text/html;charset=utf-8],custom=[]}" onto public com.alibaba.fastjson.JSONObject com.jie.controller.FileController.importPicFile1(org.springframework.web.multipart.MultipartFile,javax.servlet.http.HttpServletRequest)
[INFO] [2019-11-13 13:03:51][org.springframework.web.servlet.mvc.method.annotation.RequestMappingHandlerMapping]Mapped "{[/file/downloadImage],methods=[GET],params=[],headers=[],consumes=[],produces=[],custom=[]}" onto public void com.jie.controller.FileController.getImage(java.lang.String,int,javax.servlet.http.HttpServletResponse)
[INFO] [2019-11-13 13:03:51][org.springframework.web.servlet.mvc.method.annotation.RequestMappingHandlerMapping]Mapped "{[/file/downloadUserPortrait.json],methods=[POST],params=[],headers=[],consumes=[],produces=[],custom=[]}" onto public boolean com.jie.controller.FileController.getUserImage(java.util.Map,javax.servlet.http.HttpServletResponse) throws java.io.IOException
[INFO] [2019-11-13 13:03:51][org.springframework.web.servlet.mvc.method.annotation.RequestMappingHandlerMapping]Mapped "{[/file/updateUserPortrait],methods=[POST || GET],params=[],headers=[],consumes=[],produces=[],custom=[]}" onto public boolean com.jie.controller.FileController.updateUserPortrait(javax.servlet.http.HttpServletRequest,java.util.List<org.springframework.web.multipart.MultipartFile>)
[INFO] [2019-11-13 13:03:51][org.springframework.web.servlet.mvc.method.annotation.RequestMappingHandlerMapping]Mapped "{[/file/updateFile.json],methods=[POST || GET],params=[],headers=[],consumes=[],produces=[],custom=[]}" onto public java.util.ArrayList<java.lang.String> com.jie.controller.FileController.updateFile(java.lang.String,java.util.List<org.springframework.web.multipart.MultipartFile>)
[INFO] [2019-11-13 13:03:51][org.springframework.web.servlet.mvc.method.annotation.RequestMappingHandlerMapping]Mapped "{[/file/downloadFile],methods=[POST],params=[],headers=[],consumes=[],produces=[],custom=[]}" onto public void com.jie.controller.FileController.getFile(java.lang.String,javax.servlet.http.HttpServletResponse)
[INFO] [2019-11-13 13:03:51][org.springframework.web.servlet.mvc.method.annotation.RequestMappingHandlerMapping]Mapped "{[/user/UnbundlingDevice.json],methods=[POST],params=[],headers=[],consumes=[],produces=[],custom=[]}" onto public boolean com.jie.controller.userController.UnbundlingDevice(java.util.Map)
[INFO] [2019-11-13 13:03:51][org.springframework.web.servlet.mvc.method.annotation.RequestMappingHandlerMapping]Mapped "{[/user/selectMyhistoryDevices.json],methods=[POST],params=[],headers=[],consumes=[],produces=[],custom=[]}" onto public java.util.List<com.jie.bean.myDeviceHistory> com.jie.controller.userController.selectMyhistoryDevices(java.util.Map)
[INFO] [2019-11-13 13:03:51][org.springframework.web.servlet.mvc.method.annotation.RequestMappingHandlerMapping]Mapped "{[/user/updateDevicePosition.json],methods=[POST],params=[],headers=[],consumes=[],produces=[],custom=[]}" onto public boolean com.jie.controller.userController.updateDevicePosition(java.util.Map)
[INFO] [2019-11-13 13:03:51][org.springframework.web.servlet.mvc.method.annotation.RequestMappingHandlerMapping]Mapped "{[/user/insertDevicePoints.json],methods=[POST],params=[],headers=[],consumes=[],produces=[],custom=[]}" onto public void com.jie.controller.userController.insertDevicePoints(java.util.Map)
[INFO] [2019-11-13 13:03:51][org.springframework.web.servlet.mvc.method.annotation.RequestMappingHandlerMapping]Mapped "{[/user/deleteDevicePoints.json],methods=[POST],params=[],headers=[],consumes=[],produces=[],custom=[]}" onto public void com.jie.controller.userController.deleteDevicePoints(java.util.Map)
[INFO] [2019-11-13 13:03:51][org.springframework.web.servlet.mvc.method.annotation.RequestMappingHandlerMapping]Mapped "{[/user/selectDevicePoints.json],methods=[POST],params=[],headers=[],consumes=[],produces=[],custom=[]}" onto public java.util.List<java.lang.String> com.jie.controller.userController.selectDevicePoints(java.util.Map)
[INFO] [2019-11-13 13:03:51][org.springframework.web.servlet.mvc.method.annotation.RequestMappingHandlerMapping]Mapped "{[/user/selectDevicePositionAndPoints.json],methods=[POST],params=[],headers=[],consumes=[],produces=[],custom=[]}" onto public java.util.List<com.jie.bean.PositionAndPoints> com.jie.controller.userController.selectDevicePositionAndPoints(java.util.Map)
[INFO] [2019-11-13 13:03:51][org.springframework.web.servlet.mvc.method.annotation.RequestMappingHandlerMapping]Mapped "{[/user/getSubNameById.json],methods=[POST],params=[],headers=[],consumes=[],produces=[],custom=[]}" onto public java.lang.String com.jie.controller.userController.getSubNameById(java.util.Map)
[INFO] [2019-11-13 13:03:51][org.springframework.web.servlet.mvc.method.annotation.RequestMappingHandlerMapping]Mapped "{[/user/getHistoryByHistoryId.json],methods=[POST],params=[],headers=[],consumes=[],produces=[],custom=[]}" onto public java.util.HashMap com.jie.controller.userController.getHistoryByHistoryId(java.util.Map)
[INFO] [2019-11-13 13:03:51][org.springframework.web.servlet.mvc.method.annotation.RequestMappingHandlerMapping]Mapped "{[/user/getMyManageDevice.json],methods=[POST],params=[],headers=[],consumes=[],produces=[],custom=[]}" onto public java.util.HashMap com.jie.controller.userController.getMyManageDevice(java.util.Map)
[INFO] [2019-11-13 13:03:51][org.springframework.web.servlet.mvc.method.annotation.RequestMappingHandlerMapping]Mapped "{[/user/updateMyManageDevice.json],methods=[POST],params=[],headers=[],consumes=[],produces=[],custom=[]}" onto public int com.jie.controller.userController.updateMyManageDevice(java.util.Map)
[INFO] [2019-11-13 13:03:51][org.springframework.web.servlet.mvc.method.annotation.RequestMappingHandlerMapping]Mapped "{[/user/deleteDeviceFromMyDevices.json],methods=[POST],params=[],headers=[],consumes=[],produces=[],custom=[]}" onto public int com.jie.controller.userController.deleteDeviceFromMyDevices(java.util.Map)
[INFO] [2019-11-13 13:03:51][org.springframework.web.servlet.mvc.method.annotation.RequestMappingHandlerMapping]Mapped "{[/user/bindDevice.json],methods=[POST],params=[],headers=[],consumes=[],produces=[],custom=[]}" onto public boolean com.jie.controller.userController.bindDevice(java.util.Map)
[INFO] [2019-11-13 13:03:51][org.springframework.web.servlet.mvc.method.annotation.RequestMappingHandlerMapping]Mapped "{[/user/bindDeviceByAuthorizedCode.json],methods=[POST],params=[],headers=[],consumes=[],produces=[],custom=[]}" onto public java.lang.String com.jie.controller.userController.bindDeviceByAuthorizedCode(java.util.Map)
[INFO] [2019-11-13 13:03:51][org.springframework.web.servlet.mvc.method.annotation.RequestMappingHandlerMapping]Mapped "{[/user/getMyAlias.json],methods=[POST],params=[],headers=[],consumes=[],produces=[],custom=[]}" onto public java.util.List com.jie.controller.userController.getMyAlias(java.util.Map)
[INFO] [2019-11-13 13:03:51][org.springframework.web.servlet.mvc.method.annotation.RequestMappingHandlerMapping]Mapped "{[/user/getSubHistoryIds.json],methods=[POST],params=[],headers=[],consumes=[],produces=[],custom=[]}" onto public java.util.Map com.jie.controller.userController.getSubHistoryIds(java.util.Map)
[INFO] [2019-11-13 13:03:51][org.springframework.web.servlet.mvc.method.annotation.RequestMappingHandlerMapping]Mapped "{[/user/getMyAlia.json],methods=[POST],params=[],headers=[],consumes=[],produces=[],custom=[]}" onto public java.lang.String com.jie.controller.userController.getMyAlia(java.util.Map)
[INFO] [2019-11-13 13:03:51][org.springframework.web.servlet.mvc.method.annotation.RequestMappingHandlerMapping]Mapped "{[/user/isRegister.json],methods=[POST],params=[],headers=[],consumes=[],produces=[],custom=[]}" onto public com.alibaba.fastjson.JSONObject com.jie.controller.userController.isRegister(java.util.Map)
[INFO] [2019-11-13 13:03:51][org.springframework.web.servlet.mvc.method.annotation.RequestMappingHandlerMapping]Mapped "{[/user/getMyDevices.json],methods=[POST],params=[],headers=[],consumes=[],produces=[],custom=[]}" onto public java.util.List<com.jie.bean.myDevice> com.jie.controller.userController.getMyDevices(java.util.Map)
[INFO] [2019-11-13 13:03:51][org.springframework.web.servlet.mvc.method.annotation.RequestMappingHandlerMapping]Mapped "{[/user/bindDeviceByQRCode.json],methods=[POST],params=[],headers=[],consumes=[],produces=[],custom=[]}" onto public boolean com.jie.controller.userController.bindDeviceByQRCode(java.util.Map)
[INFO] [2019-11-13 13:03:51][org.springframework.web.servlet.mvc.method.annotation.RequestMappingHandlerMapping]Mapped "{[/user/selectMyhistoryDeviceNames.json],methods=[POST],params=[],headers=[],consumes=[],produces=[],custom=[]}" onto public java.util.List<java.util.Map> com.jie.controller.userController.selectMyhistoryDeviceNames(java.util.Map)
[INFO] [2019-11-13 13:03:51][org.springframework.web.servlet.mvc.method.annotation.RequestMappingHandlerMapping]Mapped "{[/user/updateMyDevice.json],methods=[POST],params=[],headers=[],consumes=[],produces=[],custom=[]}" onto public boolean com.jie.controller.userController.updateMyDevice(java.util.Map)
[INFO] [2019-11-13 13:03:51][org.springframework.web.servlet.mvc.method.annotation.RequestMappingHandlerMapping]Mapped "{[/user/getMyDeviceHistory.json],methods=[POST],params=[],headers=[],consumes=[],produces=[],custom=[]}" onto public java.util.ArrayList<java.util.HashMap> com.jie.controller.userController.getMyDeviceHistory(java.util.Map)
[INFO] [2019-11-13 13:03:51][org.springframework.web.servlet.mvc.method.annotation.RequestMappingHandlerMapping]Mapped "{[/user/getUser],methods=[],params=[],headers=[],consumes=[],produces=[],custom=[]}" onto public com.jie.bean.User com.jie.controller.userController.getUser(java.lang.String)
[INFO] [2019-11-13 13:03:51][org.springframework.web.servlet.mvc.method.annotation.RequestMappingHandlerMapping]Mapped "{[/user/login.json],methods=[POST],params=[],headers=[],consumes=[],produces=[],custom=[]}" onto public void com.jie.controller.userController.login(javax.servlet.http.HttpServletRequest,javax.servlet.http.HttpServletResponse,org.springframework.ui.Model,java.util.Map)
[INFO] [2019-11-13 13:03:51][org.springframework.web.servlet.mvc.method.annotation.RequestMappingHandlerMapping]Mapped "{[/user/register.json],methods=[POST],params=[],headers=[],consumes=[],produces=[],custom=[]}" onto public com.alibaba.fastjson.JSONObject com.jie.controller.userController.register(java.util.Map)
[INFO] [2019-11-13 13:03:51][org.springframework.web.servlet.mvc.method.annotation.RequestMappingHandlerMapping]Mapped "{[/user/test.json],methods=[POST],params=[],headers=[],consumes=[],produces=[],custom=[]}" onto public void com.jie.controller.userController.test(com.jie.bean.test)
[INFO] [2019-11-13 13:03:51][org.springframework.web.servlet.mvc.method.annotation.RequestMappingHandlerMapping]Mapped "{[/bathController/updateCv.json],methods=[POST],params=[],headers=[],consumes=[],produces=[],custom=[]}" onto public int com.jie.controller.BathController.updateCv(java.lang.String,java.lang.String)
[INFO] [2019-11-13 13:03:51][org.springframework.web.servlet.mvc.method.annotation.RequestMappingHandlerMapping]Mapped "{[/bathController/getCv.json],methods=[POST],params=[],headers=[],consumes=[],produces=[],custom=[]}" onto public double com.jie.controller.BathController.getCv(java.lang.String)
[INFO] [2019-11-13 13:03:51][org.springframework.web.servlet.mvc.method.annotation.RequestMappingHandlerMapping]Mapped "{[/bathController/getCoordinates.json],methods=[POST],params=[],headers=[],consumes=[],produces=[],custom=[]}" onto public com.jie.bean.Coordinates com.jie.controller.BathController.getCoordinates(int)
[INFO] [2019-11-13 13:03:51][org.springframework.web.servlet.mvc.method.annotation.RequestMappingHandlerMapping]Mapped "{[/bathController/getCoordinate.json],methods=[POST],params=[],headers=[],consumes=[],produces=[],custom=[]}" onto public com.jie.bean.Point com.jie.controller.BathController.getCoordinate(int)
[INFO] [2019-11-13 13:03:51][org.springframework.web.servlet.mvc.method.annotation.RequestMappingHandlerMapping]Mapped "{[/bathController/setBathStatus.json],methods=[POST],params=[],headers=[],consumes=[],produces=[],custom=[]}" onto public int com.jie.controller.BathController.setBathStatus(int,int)
[INFO] [2019-11-13 13:03:51][org.springframework.web.servlet.mvc.method.annotation.RequestMappingHandlerMapping]Mapped "{[/bathController/getBathStatus.json],methods=[POST],params=[],headers=[],consumes=[],produces=[],custom=[]}" onto public int com.jie.controller.BathController.getBathStatus(java.util.Map)
[INFO] [2019-11-13 13:03:51][org.springframework.web.servlet.mvc.method.annotation.RequestMappingHandlerMapping]Mapped "{[/bathController/updateBath.json],methods=[POST],params=[],headers=[],consumes=[],produces=[],custom=[]}" onto public boolean com.jie.controller.BathController.updateBath(java.util.Map)
[INFO] [2019-11-13 13:03:51][org.springframework.web.servlet.mvc.method.annotation.RequestMappingHandlerMapping]Mapped "{[/bathController/getPoints.json],methods=[POST],params=[],headers=[],consumes=[],produces=[],custom=[]}" onto public java.lang.String com.jie.controller.BathController.getPoints(java.util.Map)
[INFO] [2019-11-13 13:03:51][org.springframework.web.servlet.mvc.method.annotation.RequestMappingHandlerMapping]Mapped "{[/bathController/updatePoints.json],methods=[POST],params=[],headers=[],consumes=[],produces=[],custom=[]}" onto public boolean com.jie.controller.BathController.updatePoints(java.util.Map)
[INFO] [2019-11-13 13:03:51][org.springframework.web.servlet.mvc.method.annotation.RequestMappingHandlerMapping]Mapped "{[/bathController/getBathInfo.json],methods=[POST],params=[],headers=[],consumes=[],produces=[],custom=[]}" onto public com.jie.bean.Bath com.jie.controller.BathController.getBathInfo(java.util.Map)
[INFO] [2019-11-13 13:03:51][org.springframework.web.servlet.mvc.method.annotation.RequestMappingHandlerMapping]Mapped "{[/bathController/getBathSVAndST.json],methods=[POST],params=[],headers=[],consumes=[],produces=[],custom=[]}" onto public java.util.Map com.jie.controller.BathController.getBathSVAndST(java.util.Map)
[INFO] [2019-11-13 13:03:51][org.springframework.web.servlet.mvc.method.annotation.RequestMappingHandlerMapping]Mapped "{[/bathController/changeBathStatus.json],methods=[POST],params=[],headers=[],consumes=[],produces=[],custom=[]}" onto public int com.jie.controller.BathController.changeBathStatus(int,int)
[INFO] [2019-11-13 13:03:51][org.springframework.web.servlet.mvc.method.annotation.RequestMappingHandlerMapping]Mapped "{[/bathController/getDevice.json],methods=[POST],params=[],headers=[],consumes=[],produces=[],custom=[]}" onto public com.alibaba.fastjson.JSONObject com.jie.controller.BathController.getDevice(java.util.Map)
[INFO] [2019-11-13 13:03:51][org.springframework.web.servlet.mvc.method.annotation.RequestMappingHandlerMapping]Mapped "{[/bathController/settingBath.json],methods=[POST],params=[],headers=[],consumes=[],produces=[],custom=[]}" onto public com.alibaba.fastjson.JSONObject com.jie.controller.BathController.updateDevice(java.util.Map)
[INFO] [2019-11-13 13:03:51][org.springframework.web.servlet.mvc.method.annotation.RequestMappingHandlerMapping]Mapped "{[/bathController/updateCoordinates.json],methods=[POST],params=[],headers=[],consumes=[],produces=[],custom=[]}" onto public int com.jie.controller.BathController.updateCoordinates(int,double,double)
[INFO] [2019-11-13 13:03:51][org.springframework.web.servlet.mvc.method.annotation.RequestMappingHandlerMapping]Mapped "{[/bathController/clearCoordinates.json],methods=[POST],params=[],headers=[],consumes=[],produces=[],custom=[]}" onto public int com.jie.controller.BathController.clearCoordinates(int)
[INFO] [2019-11-13 13:03:51][org.springframework.web.servlet.mvc.method.annotation.RequestMappingHandlerMapping]Mapped "{[/bathController/endBath.json],methods=[POST],params=[],headers=[],consumes=[],produces=[],custom=[]}" onto public int com.jie.controller.BathController.endBath(java.util.Map)
[INFO] [2019-11-13 13:03:51][org.springframework.web.servlet.mvc.method.annotation.RequestMappingHandlerMapping]Mapped "{[/bathController/openBath.json],methods=[POST],params=[],headers=[],consumes=[],produces=[],custom=[]}" onto public int com.jie.controller.BathController.openBath(java.util.Map)
[INFO] [2019-11-13 13:03:51][org.springframework.web.servlet.mvc.method.annotation.RequestMappingHandlerMapping]Mapped "{[/bathController/runBath.json],methods=[POST],params=[],headers=[],consumes=[],produces=[],custom=[]}" onto public void com.jie.controller.BathController.runBath(java.util.Map)
[INFO] [2019-11-13 13:03:51][org.springframework.web.servlet.mvc.method.annotation.RequestMappingHandlerMapping]Mapped "{[/bathController/getStartTimeLong.json],methods=[POST],params=[],headers=[],consumes=[],produces=[],custom=[]}" onto public java.lang.Long com.jie.controller.BathController.getStartTimeLong(java.util.Map)
[INFO] [2019-11-13 13:03:51][org.springframework.web.servlet.mvc.method.annotation.RequestMappingHandlerMapping]Mapped "{[/bathController/getStartTime.json],methods=[POST],params=[],headers=[],consumes=[],produces=[],custom=[]}" onto public java.lang.String com.jie.controller.BathController.getStartTime(java.util.Map)
[INFO] [2019-11-13 13:03:52][org.springframework.web.servlet.mvc.method.annotation.RequestMappingHandlerAdapter]Detected @ModelAttribute methods in commonControllerAdvice
[INFO] [2019-11-13 13:03:52][org.springframework.web.servlet.mvc.method.annotation.RequestMappingHandlerAdapter]Detected @InitBinder methods in commonControllerAdvice
[INFO] [2019-11-13 13:03:52][org.springframework.web.servlet.mvc.method.annotation.RequestMappingHandlerAdapter]Detected @ModelAttribute methods in commonControllerAdvice
[INFO] [2019-11-13 13:03:52][org.springframework.web.servlet.mvc.method.annotation.RequestMappingHandlerAdapter]Detected @InitBinder methods in commonControllerAdvice
[INFO] [2019-11-13 13:03:52][org.springframework.web.servlet.mvc.method.annotation.ExceptionHandlerExceptionResolver]Detected @ExceptionHandler methods in commonControllerAdvice
[INFO] [2019-11-13 13:03:52][org.springframework.web.servlet.handler.SimpleUrlHandlerMapping]Mapped URL path [/**] onto handler 'org.springframework.web.servlet.resource.DefaultServletHttpRequestHandler#0'
[INFO] [2019-11-13 13:03:52][org.springframework.web.servlet.handler.SimpleUrlHandlerMapping]Mapped URL path [/**/*.html] onto handler 'org.springframework.web.servlet.resource.ResourceHttpRequestHandler#0'
[INFO] [2019-11-13 13:03:52][org.springframework.web.servlet.handler.SimpleUrlHandlerMapping]Mapped URL path [/**/*.js] onto handler 'org.springframework.web.servlet.resource.ResourceHttpRequestHandler#1'
[INFO] [2019-11-13 13:03:52][org.springframework.web.servlet.handler.SimpleUrlHandlerMapping]Mapped URL path [/css/**] onto handler 'org.springframework.web.servlet.resource.ResourceHttpRequestHandler#2'
[INFO] [2019-11-13 13:03:52][org.springframework.web.servlet.handler.SimpleUrlHandlerMapping]Mapped URL path [/**/*.png] onto handler 'org.springframework.web.servlet.resource.ResourceHttpRequestHandler#3'
[INFO] [2019-11-13 13:03:52][org.springframework.web.servlet.handler.SimpleUrlHandlerMapping]Mapped URL path [/**/*.gif] onto handler 'org.springframework.web.servlet.resource.ResourceHttpRequestHandler#4'
[INFO] [2019-11-13 13:03:52][org.springframework.web.servlet.handler.SimpleUrlHandlerMapping]Mapped URL path [/**/*.woff] onto handler 'org.springframework.web.servlet.resource.ResourceHttpRequestHandler#5'
[INFO] [2019-11-13 13:03:52][org.springframework.web.servlet.handler.SimpleUrlHandlerMapping]Mapped URL path [/**/*.ttf] onto handler 'org.springframework.web.servlet.resource.ResourceHttpRequestHandler#6'
[INFO] [2019-11-13 13:03:52][org.springframework.web.servlet.handler.SimpleUrlHandlerMapping]Mapped URL path [/**/*.jpg] onto handler 'org.springframework.web.servlet.resource.ResourceHttpRequestHandler#7'
[INFO] [2019-11-13 13:03:52][org.springframework.web.servlet.handler.SimpleUrlHandlerMapping]Mapped URL path [/**/*.mp3] onto handler 'org.springframework.web.servlet.resource.ResourceHttpRequestHandler#8'
[INFO] [2019-11-13 13:03:52][org.springframework.web.servlet.handler.SimpleUrlHandlerMapping]Mapped URL path [/**/*.mp4] onto handler 'org.springframework.web.servlet.resource.ResourceHttpRequestHandler#9'
[INFO] [2019-11-13 13:03:52][org.springframework.web.servlet.DispatcherServlet]FrameworkServlet 'SpringMVC': initialization completed in 1116 ms
