[INFO] [2019-03-31 17:19:37][org.springframework.context.support.ClassPathXmlApplicationContext]Refreshing org.springframework.context.support.ClassPathXmlApplicationContext@606d8acf: startup date [Sun Mar 31 17:19:37 CST 2019]; root of context hierarchy
[INFO] [2019-03-31 17:19:37][org.springframework.beans.factory.xml.XmlBeanDefinitionReader]Loading XML bean definitions from class path resource [spring_mybatis.xml]
[INFO] [2019-03-31 17:20:05][org.springframework.context.support.ClassPathXmlApplicationContext]Refreshing org.springframework.context.support.ClassPathXmlApplicationContext@606d8acf: startup date [Sun Mar 31 17:20:05 CST 2019]; root of context hierarchy
[INFO] [2019-03-31 17:20:05][org.springframework.beans.factory.xml.XmlBeanDefinitionReader]Loading XML bean definitions from class path resource [spring-mybatis.xml]
[INFO] [2019-03-31 17:20:06][org.springframework.beans.factory.config.PropertyPlaceholderConfigurer]Loading properties file from class path resource [jdbc.properties]
[INFO] [2019-03-31 17:20:06][org.springframework.beans.factory.annotation.AutowiredAnnotationBeanPostProcessor]JSR-330 'javax.inject.Inject' annotation found and supported for autowiring
[INFO] [2019-04-01 21:44:32][org.springframework.context.support.ClassPathXmlApplicationContext]Refreshing org.springframework.context.support.ClassPathXmlApplicationContext@606d8acf: startup date [Mon Apr 01 21:44:32 CST 2019]; root of context hierarchy
[INFO] [2019-04-01 21:44:32][org.springframework.beans.factory.xml.XmlBeanDefinitionReader]Loading XML bean definitions from class path resource [spring-mybatis.xml]
[INFO] [2019-04-01 21:44:33][org.springframework.beans.factory.config.PropertyPlaceholderConfigurer]Loading properties file from class path resource [jdbc.properties]
[INFO] [2019-04-01 21:44:33][org.springframework.beans.factory.annotation.AutowiredAnnotationBeanPostProcessor]JSR-330 'javax.inject.Inject' annotation found and supported for autowiring
[INFO] [2019-04-01 21:49:22][org.springframework.context.support.ClassPathXmlApplicationContext]Refreshing org.springframework.context.support.ClassPathXmlApplicationContext@606d8acf: startup date [Mon Apr 01 21:49:22 CST 2019]; root of context hierarchy
[INFO] [2019-04-01 21:49:23][org.springframework.beans.factory.xml.XmlBeanDefinitionReader]Loading XML bean definitions from class path resource [spring-mybatis.xml]
[INFO] [2019-04-01 21:49:23][org.springframework.beans.factory.config.PropertyPlaceholderConfigurer]Loading properties file from class path resource [jdbc.properties]
[INFO] [2019-04-01 21:49:23][org.springframework.beans.factory.annotation.AutowiredAnnotationBeanPostProcessor]JSR-330 'javax.inject.Inject' annotation found and supported for autowiring
[INFO] [2019-04-01 21:49:32][org.springframework.context.support.ClassPathXmlApplicationContext]Refreshing org.springframework.context.support.ClassPathXmlApplicationContext@23d2a7e8: startup date [Mon Apr 01 21:49:32 CST 2019]; root of context hierarchy
[INFO] [2019-04-01 21:49:33][org.springframework.beans.factory.xml.XmlBeanDefinitionReader]Loading XML bean definitions from class path resource [spring-mybatis.xml]
[INFO] [2019-04-01 21:49:34][org.springframework.beans.factory.config.PropertyPlaceholderConfigurer]Loading properties file from class path resource [jdbc.properties]
[INFO] [2019-04-01 21:49:34][org.springframework.beans.factory.annotation.AutowiredAnnotationBeanPostProcessor]JSR-330 'javax.inject.Inject' annotation found and supported for autowiring
[INFO] [2019-04-01 21:53:07][org.springframework.context.support.ClassPathXmlApplicationContext]Refreshing org.springframework.context.support.ClassPathXmlApplicationContext@606d8acf: startup date [Mon Apr 01 21:53:07 CST 2019]; root of context hierarchy
[INFO] [2019-04-01 21:53:07][org.springframework.beans.factory.xml.XmlBeanDefinitionReader]Loading XML bean definitions from class path resource [spring-mybatis.xml]
[INFO] [2019-04-01 21:53:08][org.springframework.beans.factory.config.PropertyPlaceholderConfigurer]Loading properties file from class path resource [jdbc.properties]
[INFO] [2019-04-01 21:53:08][org.springframework.beans.factory.annotation.AutowiredAnnotationBeanPostProcessor]JSR-330 'javax.inject.Inject' annotation found and supported for autowiring
[INFO] [2019-04-01 21:53:26][org.springframework.context.support.ClassPathXmlApplicationContext]Refreshing org.springframework.context.support.ClassPathXmlApplicationContext@23d2a7e8: startup date [Mon Apr 01 21:53:26 CST 2019]; root of context hierarchy
[INFO] [2019-04-01 21:53:26][org.springframework.beans.factory.xml.XmlBeanDefinitionReader]Loading XML bean definitions from class path resource [spring-mybatis.xml]
[INFO] [2019-04-01 21:53:27][org.springframework.beans.factory.config.PropertyPlaceholderConfigurer]Loading properties file from class path resource [jdbc.properties]
[INFO] [2019-04-01 21:53:27][org.springframework.beans.factory.annotation.AutowiredAnnotationBeanPostProcessor]JSR-330 'javax.inject.Inject' annotation found and supported for autowiring
[INFO] [2019-04-01 22:01:39][org.springframework.context.support.ClassPathXmlApplicationContext]Refreshing org.springframework.context.support.ClassPathXmlApplicationContext@606d8acf: startup date [Mon Apr 01 22:01:39 CST 2019]; root of context hierarchy
[INFO] [2019-04-01 22:01:39][org.springframework.beans.factory.xml.XmlBeanDefinitionReader]Loading XML bean definitions from class path resource [spring-mybatis.xml]
[INFO] [2019-04-01 22:01:40][org.springframework.beans.factory.config.PropertyPlaceholderConfigurer]Loading properties file from class path resource [jdbc.properties]
[INFO] [2019-04-01 22:01:40][org.springframework.beans.factory.annotation.AutowiredAnnotationBeanPostProcessor]JSR-330 'javax.inject.Inject' annotation found and supported for autowiring
[INFO] [2019-04-01 22:08:21][org.springframework.context.support.ClassPathXmlApplicationContext]Refreshing org.springframework.context.support.ClassPathXmlApplicationContext@606d8acf: startup date [Mon Apr 01 22:08:21 CST 2019]; root of context hierarchy
[INFO] [2019-04-01 22:08:21][org.springframework.beans.factory.xml.XmlBeanDefinitionReader]Loading XML bean definitions from class path resource [spring-mybatis.xml]
[INFO] [2019-04-01 22:08:21][org.springframework.beans.factory.config.PropertyPlaceholderConfigurer]Loading properties file from class path resource [jdbc.properties]
[INFO] [2019-04-01 22:08:21][org.springframework.beans.factory.annotation.AutowiredAnnotationBeanPostProcessor]JSR-330 'javax.inject.Inject' annotation found and supported for autowiring
[INFO] [2019-04-01 22:17:10][org.springframework.context.support.ClassPathXmlApplicationContext]Refreshing org.springframework.context.support.ClassPathXmlApplicationContext@606d8acf: startup date [Mon Apr 01 22:17:10 CST 2019]; root of context hierarchy
[INFO] [2019-04-01 22:17:10][org.springframework.beans.factory.xml.XmlBeanDefinitionReader]Loading XML bean definitions from class path resource [spring-mybatis.xml]
[INFO] [2019-04-01 22:17:10][org.springframework.beans.factory.config.PropertyPlaceholderConfigurer]Loading properties file from class path resource [jdbc.properties]
[INFO] [2019-04-01 22:17:10][org.springframework.beans.factory.annotation.AutowiredAnnotationBeanPostProcessor]JSR-330 'javax.inject.Inject' annotation found and supported for autowiring
[INFO] [2019-04-01 22:21:03][org.springframework.context.support.ClassPathXmlApplicationContext]Refreshing org.springframework.context.support.ClassPathXmlApplicationContext@606d8acf: startup date [Mon Apr 01 22:21:03 CST 2019]; root of context hierarchy
[INFO] [2019-04-01 22:21:03][org.springframework.beans.factory.xml.XmlBeanDefinitionReader]Loading XML bean definitions from class path resource [spring-mybatis.xml]
[INFO] [2019-04-01 22:21:03][org.springframework.beans.factory.config.PropertyPlaceholderConfigurer]Loading properties file from class path resource [jdbc.properties]
[INFO] [2019-04-01 22:21:03][org.springframework.beans.factory.annotation.AutowiredAnnotationBeanPostProcessor]JSR-330 'javax.inject.Inject' annotation found and supported for autowiring
[INFO] [2019-04-01 22:34:28][org.springframework.context.support.ClassPathXmlApplicationContext]Refreshing org.springframework.context.support.ClassPathXmlApplicationContext@606d8acf: startup date [Mon Apr 01 22:34:28 CST 2019]; root of context hierarchy
[INFO] [2019-04-01 22:34:28][org.springframework.beans.factory.xml.XmlBeanDefinitionReader]Loading XML bean definitions from class path resource [spring-mybatis.xml]
[INFO] [2019-04-01 22:34:28][org.springframework.beans.factory.config.PropertyPlaceholderConfigurer]Loading properties file from class path resource [jdbc.properties]
[INFO] [2019-04-01 22:34:28][org.springframework.beans.factory.annotation.AutowiredAnnotationBeanPostProcessor]JSR-330 'javax.inject.Inject' annotation found and supported for autowiring
[INFO] [2019-11-07 16:12:06][org.springframework.context.support.ClassPathXmlApplicationContext]Refreshing org.springframework.context.support.ClassPathXmlApplicationContext@59f95c5d: startup date [Thu Nov 07 16:12:06 CST 2019]; root of context hierarchy
[INFO] [2019-11-07 16:12:06][org.springframework.beans.factory.xml.XmlBeanDefinitionReader]Loading XML bean definitions from class path resource [spring-mvc.xml]
[INFO] [2019-11-07 16:12:07][org.springframework.beans.factory.annotation.AutowiredAnnotationBeanPostProcessor]JSR-330 'javax.inject.Inject' annotation found and supported for autowiring
[INFO] [2019-11-07 16:12:07][org.springframework.web.servlet.mvc.method.annotation.RequestMappingHandlerMapping]Mapped "{[/advice/test],methods=[],params=[],headers=[],consumes=[],produces=[],custom=[]}" onto public java.util.Map<java.lang.String, java.lang.Object> com.jie.controller.advice.MyAdviceController.testAdvice(java.util.Date,java.math.BigDecimal,org.springframework.ui.Model)
[INFO] [2019-11-07 16:12:07][org.springframework.web.servlet.mvc.method.annotation.RequestMappingHandlerMapping]Mapped "{[/bathController/getStartTime.json],methods=[POST],params=[],headers=[],consumes=[],produces=[],custom=[]}" onto public java.sql.Date com.jie.controller.BathController.getStartTime(java.util.Map)
[INFO] [2019-11-07 16:12:07][org.springframework.web.servlet.mvc.method.annotation.RequestMappingHandlerMapping]Mapped "{[/bathController/getCoordinates.json],methods=[POST],params=[],headers=[],consumes=[],produces=[],custom=[]}" onto public com.jie.bean.Coordinates com.jie.controller.BathController.getCoordinates(int)
[INFO] [2019-11-07 16:12:07][org.springframework.web.servlet.mvc.method.annotation.RequestMappingHandlerMapping]Mapped "{[/bathController/updateBath.json],methods=[POST],params=[],headers=[],consumes=[],produces=[],custom=[]}" onto public boolean com.jie.controller.BathController.updateBath(java.util.Map)
[INFO] [2019-11-07 16:12:07][org.springframework.web.servlet.mvc.method.annotation.RequestMappingHandlerMapping]Mapped "{[/bathController/getCv.json],methods=[POST],params=[],headers=[],consumes=[],produces=[],custom=[]}" onto public double com.jie.controller.BathController.getCv(java.lang.String)
[INFO] [2019-11-07 16:12:07][org.springframework.web.servlet.mvc.method.annotation.RequestMappingHandlerMapping]Mapped "{[/bathController/getBathInfo.json],methods=[POST],params=[],headers=[],consumes=[],produces=[],custom=[]}" onto public com.jie.bean.Bath com.jie.controller.BathController.getBathInfo(java.util.Map)
[INFO] [2019-11-07 16:12:07][org.springframework.web.servlet.mvc.method.annotation.RequestMappingHandlerMapping]Mapped "{[/bathController/getBathStatus.json],methods=[POST],params=[],headers=[],consumes=[],produces=[],custom=[]}" onto public int com.jie.controller.BathController.getBathStatus(java.util.Map)
[INFO] [2019-11-07 16:12:07][org.springframework.web.servlet.mvc.method.annotation.RequestMappingHandlerMapping]Mapped "{[/bathController/getPoints.json],methods=[POST],params=[],headers=[],consumes=[],produces=[],custom=[]}" onto public java.lang.String com.jie.controller.BathController.getPoints(java.util.Map)
[INFO] [2019-11-07 16:12:07][org.springframework.web.servlet.mvc.method.annotation.RequestMappingHandlerMapping]Mapped "{[/bathController/getCoordinate.json],methods=[POST],params=[],headers=[],consumes=[],produces=[],custom=[]}" onto public com.jie.bean.Point com.jie.controller.BathController.getCoordinate(int)
[INFO] [2019-11-07 16:12:07][org.springframework.web.servlet.mvc.method.annotation.RequestMappingHandlerMapping]Mapped "{[/bathController/settingBath.json],methods=[POST],params=[],headers=[],consumes=[],produces=[],custom=[]}" onto public com.alibaba.fastjson.JSONObject com.jie.controller.BathController.updateDevice(java.util.Map)
[INFO] [2019-11-07 16:12:07][org.springframework.web.servlet.mvc.method.annotation.RequestMappingHandlerMapping]Mapped "{[/bathController/getBathSVAndST.json],methods=[POST],params=[],headers=[],consumes=[],produces=[],custom=[]}" onto public java.util.Map com.jie.controller.BathController.getBathSVAndST(java.util.Map)
[INFO] [2019-11-07 16:12:07][org.springframework.web.servlet.mvc.method.annotation.RequestMappingHandlerMapping]Mapped "{[/bathController/updateCv.json],methods=[POST],params=[],headers=[],consumes=[],produces=[],custom=[]}" onto public int com.jie.controller.BathController.updateCv(java.lang.String,java.lang.String)
[INFO] [2019-11-07 16:12:07][org.springframework.web.servlet.mvc.method.annotation.RequestMappingHandlerMapping]Mapped "{[/bathController/setBathStatus.json],methods=[POST],params=[],headers=[],consumes=[],produces=[],custom=[]}" onto public int com.jie.controller.BathController.setBathStatus(int,int)
[INFO] [2019-11-07 16:12:07][org.springframework.web.servlet.mvc.method.annotation.RequestMappingHandlerMapping]Mapped "{[/bathController/clearCoordinates.json],methods=[POST],params=[],headers=[],consumes=[],produces=[],custom=[]}" onto public int com.jie.controller.BathController.clearCoordinates(int)
[INFO] [2019-11-07 16:12:07][org.springframework.web.servlet.mvc.method.annotation.RequestMappingHandlerMapping]Mapped "{[/bathController/updatePoints.json],methods=[POST],params=[],headers=[],consumes=[],produces=[],custom=[]}" onto public boolean com.jie.controller.BathController.updatePoints(java.util.Map)
[INFO] [2019-11-07 16:12:07][org.springframework.web.servlet.mvc.method.annotation.RequestMappingHandlerMapping]Mapped "{[/bathController/getDevice.json],methods=[POST],params=[],headers=[],consumes=[],produces=[],custom=[]}" onto public com.alibaba.fastjson.JSONObject com.jie.controller.BathController.getDevice(java.util.Map)
[INFO] [2019-11-07 16:12:07][org.springframework.web.servlet.mvc.method.annotation.RequestMappingHandlerMapping]Mapped "{[/bathController/updateCoordinates.json],methods=[POST],params=[],headers=[],consumes=[],produces=[],custom=[]}" onto public int com.jie.controller.BathController.updateCoordinates(int,double,double)
[INFO] [2019-11-07 16:12:07][org.springframework.web.servlet.mvc.method.annotation.RequestMappingHandlerMapping]Mapped "{[/deviceController/getLinkGuideInfo.json],methods=[POST],params=[],headers=[],consumes=[],produces=[],custom=[]}" onto public java.util.Map com.jie.controller.deviceController.getLinkGuideInfo(java.util.Map)
[INFO] [2019-11-07 16:12:07][org.springframework.web.servlet.mvc.method.annotation.RequestMappingHandlerMapping]Mapped "{[/deviceController/getDeviceName.json],methods=[POST],params=[],headers=[],consumes=[],produces=[],custom=[]}" onto public java.lang.String com.jie.controller.deviceController.getDeviceName(java.util.Map)
[INFO] [2019-11-07 16:12:07][org.springframework.web.servlet.mvc.method.annotation.RequestMappingHandlerMapping]Mapped "{[/deviceController/updateDevice.json],methods=[POST],params=[],headers=[],consumes=[],produces=[],custom=[]}" onto public boolean com.jie.controller.deviceController.updateDevice(java.util.Map)
[INFO] [2019-11-07 16:12:07][org.springframework.web.servlet.mvc.method.annotation.RequestMappingHandlerMapping]Mapped "{[/deviceController/getSubNameById.json],methods=[POST],params=[],headers=[],consumes=[],produces=[],custom=[]}" onto public java.lang.String com.jie.controller.deviceController.getSubNameById(java.util.Map)
[INFO] [2019-11-07 16:12:07][org.springframework.web.servlet.mvc.method.annotation.RequestMappingHandlerMapping]Mapped "{[/deviceController/getManageUsersActivityInfo.json],methods=[POST],params=[],headers=[],consumes=[],produces=[],custom=[]}" onto public java.util.HashMap com.jie.controller.deviceController.getManageUsersActivityInfo(java.util.Map)
[INFO] [2019-11-07 16:12:07][org.springframework.web.servlet.mvc.method.annotation.RequestMappingHandlerMapping]Mapped "{[/file/downloadFile],methods=[POST],params=[],headers=[],consumes=[],produces=[],custom=[]}" onto public void com.jie.controller.FileController.getFile(java.lang.String,javax.servlet.http.HttpServletResponse)
[INFO] [2019-11-07 16:12:07][org.springframework.web.servlet.mvc.method.annotation.RequestMappingHandlerMapping]Mapped "{[/file/downloadImage],methods=[GET],params=[],headers=[],consumes=[],produces=[],custom=[]}" onto public void com.jie.controller.FileController.getImage(java.lang.String,int,javax.servlet.http.HttpServletResponse)
[INFO] [2019-11-07 16:12:07][org.springframework.web.servlet.mvc.method.annotation.RequestMappingHandlerMapping]Mapped "{[/file/updateFile.json],methods=[POST || GET],params=[],headers=[],consumes=[],produces=[],custom=[]}" onto public java.util.ArrayList<java.lang.String> com.jie.controller.FileController.updateFile(java.lang.String,java.util.List<org.springframework.web.multipart.MultipartFile>)
[INFO] [2019-11-07 16:12:07][org.springframework.web.servlet.mvc.method.annotation.RequestMappingHandlerMapping]Mapped "{[/file/downloadUserPortrait.json],methods=[POST],params=[],headers=[],consumes=[],produces=[],custom=[]}" onto public void com.jie.controller.FileController.getUserImage(java.util.Map,javax.servlet.http.HttpServletResponse) throws java.io.IOException
[INFO] [2019-11-07 16:12:07][org.springframework.web.servlet.mvc.method.annotation.RequestMappingHandlerMapping]Mapped "{[/file/uploadFile.do],methods=[],params=[],headers=[],consumes=[],produces=[text/html;charset=utf-8],custom=[]}" onto public com.alibaba.fastjson.JSONObject com.jie.controller.FileController.importPicFile1(org.springframework.web.multipart.MultipartFile,javax.servlet.http.HttpServletRequest)
[INFO] [2019-11-07 16:12:07][org.springframework.web.servlet.mvc.method.annotation.RequestMappingHandlerMapping]Mapped "{[/file/uploadMultipartFile.json],methods=[POST],params=[],headers=[],consumes=[],produces=[],custom=[]}" onto public org.springframework.web.servlet.ModelAndView com.jie.controller.FileController.uploadMultipartFile(org.springframework.web.multipart.MultipartFile)
[INFO] [2019-11-07 16:12:07][org.springframework.web.servlet.mvc.method.annotation.RequestMappingHandlerMapping]Mapped "{[/file/updateUserPortrait],methods=[POST || GET],params=[],headers=[],consumes=[],produces=[],custom=[]}" onto public boolean com.jie.controller.FileController.updateUserPortrait(javax.servlet.http.HttpServletRequest,java.util.List<org.springframework.web.multipart.MultipartFile>)
[INFO] [2019-11-07 16:12:07][org.springframework.web.servlet.mvc.method.annotation.RequestMappingHandlerMapping]Mapped "{[/params/getUser/{id}],methods=[],params=[],headers=[],consumes=[],produces=[],custom=[]}" onto public org.springframework.web.servlet.ModelAndView com.jie.controller.ParamsController.pathVariable(java.lang.String)
[INFO] [2019-11-07 16:12:07][org.springframework.web.servlet.mvc.method.annotation.RequestMappingHandlerMapping]Mapped "{[/user/register.json],methods=[POST],params=[],headers=[],consumes=[],produces=[],custom=[]}" onto public com.alibaba.fastjson.JSONObject com.jie.controller.userController.register(java.util.Map)
[INFO] [2019-11-07 16:12:07][org.springframework.web.servlet.mvc.method.annotation.RequestMappingHandlerMapping]Mapped "{[/user/test.json],methods=[POST],params=[],headers=[],consumes=[],produces=[],custom=[]}" onto public void com.jie.controller.userController.test(com.jie.bean.test)
[INFO] [2019-11-07 16:12:07][org.springframework.web.servlet.mvc.method.annotation.RequestMappingHandlerMapping]Mapped "{[/user/getUser],methods=[],params=[],headers=[],consumes=[],produces=[],custom=[]}" onto public com.jie.bean.User com.jie.controller.userController.getUser(java.lang.String)
[INFO] [2019-11-07 16:12:07][org.springframework.web.servlet.mvc.method.annotation.RequestMappingHandlerMapping]Mapped "{[/user/getMyDevices.json],methods=[POST],params=[],headers=[],consumes=[],produces=[],custom=[]}" onto public java.util.List<com.jie.bean.myDevice> com.jie.controller.userController.getMyDevices(java.util.Map)
[INFO] [2019-11-07 16:12:07][org.springframework.web.servlet.mvc.method.annotation.RequestMappingHandlerMapping]Mapped "{[/user/UnbundlingDevice.json],methods=[POST],params=[],headers=[],consumes=[],produces=[],custom=[]}" onto public boolean com.jie.controller.userController.UnbundlingDevice(java.util.Map)
[INFO] [2019-11-07 16:12:07][org.springframework.web.servlet.mvc.method.annotation.RequestMappingHandlerMapping]Mapped "{[/user/updateMyDevice.json],methods=[POST],params=[],headers=[],consumes=[],produces=[],custom=[]}" onto public boolean com.jie.controller.userController.updateMyDevice(java.util.Map)
[INFO] [2019-11-07 16:12:07][org.springframework.web.servlet.mvc.method.annotation.RequestMappingHandlerMapping]Mapped "{[/user/isRegister.json],methods=[POST],params=[],headers=[],consumes=[],produces=[],custom=[]}" onto public com.alibaba.fastjson.JSONObject com.jie.controller.userController.isRegister(java.util.Map)
[INFO] [2019-11-07 16:12:07][org.springframework.web.servlet.mvc.method.annotation.RequestMappingHandlerMapping]Mapped "{[/user/bindDevice.json],methods=[POST],params=[],headers=[],consumes=[],produces=[],custom=[]}" onto public boolean com.jie.controller.userController.bindDevice(java.util.Map)
[INFO] [2019-11-07 16:12:07][org.springframework.web.servlet.mvc.method.annotation.RequestMappingHandlerMapping]Mapped "{[/user/login.json],methods=[POST],params=[],headers=[],consumes=[],produces=[],custom=[]}" onto public void com.jie.controller.userController.login(javax.servlet.http.HttpServletRequest,javax.servlet.http.HttpServletResponse,org.springframework.ui.Model,java.util.Map)
[INFO] [2019-11-07 16:12:07][org.springframework.web.servlet.mvc.method.annotation.RequestMappingHandlerMapping]Mapped "{[/user/getSubNameById.json],methods=[POST],params=[],headers=[],consumes=[],produces=[],custom=[]}" onto public java.lang.String com.jie.controller.userController.getSubNameById(java.util.Map)
[INFO] [2019-11-07 16:12:07][org.springframework.web.servlet.mvc.method.annotation.RequestMappingHandlerMapping]Mapped "{[/user/deleteDevicePoints.json],methods=[POST],params=[],headers=[],consumes=[],produces=[],custom=[]}" onto public void com.jie.controller.userController.deleteDevicePoints(java.util.Map)
[INFO] [2019-11-07 16:12:07][org.springframework.web.servlet.mvc.method.annotation.RequestMappingHandlerMapping]Mapped "{[/user/selectMyhistoryDevices.json],methods=[POST],params=[],headers=[],consumes=[],produces=[],custom=[]}" onto public java.util.List<com.jie.bean.myDeviceHistory> com.jie.controller.userController.selectMyhistoryDevices(java.util.Map)
[INFO] [2019-11-07 16:12:07][org.springframework.web.servlet.mvc.method.annotation.RequestMappingHandlerMapping]Mapped "{[/user/selectDevicePositionAndPoints.json],methods=[POST],params=[],headers=[],consumes=[],produces=[],custom=[]}" onto public java.util.List<com.jie.bean.PositionAndPoints> com.jie.controller.userController.selectDevicePositionAndPoints(java.util.Map)
[INFO] [2019-11-07 16:12:07][org.springframework.web.servlet.mvc.method.annotation.RequestMappingHandlerMapping]Mapped "{[/user/getMyManageDevice.json],methods=[POST],params=[],headers=[],consumes=[],produces=[],custom=[]}" onto public java.util.HashMap com.jie.controller.userController.getMyManageDevice(java.util.Map)
[INFO] [2019-11-07 16:12:07][org.springframework.web.servlet.mvc.method.annotation.RequestMappingHandlerMapping]Mapped "{[/user/selectDevicePoints.json],methods=[POST],params=[],headers=[],consumes=[],produces=[],custom=[]}" onto public java.util.List<java.lang.String> com.jie.controller.userController.selectDevicePoints(java.util.Map)
[INFO] [2019-11-07 16:12:07][org.springframework.web.servlet.mvc.method.annotation.RequestMappingHandlerMapping]Mapped "{[/user/updateMyManageDevice.json],methods=[POST],params=[],headers=[],consumes=[],produces=[],custom=[]}" onto public int com.jie.controller.userController.updateMyManageDevice(java.util.Map)
[INFO] [2019-11-07 16:12:07][org.springframework.web.servlet.mvc.method.annotation.RequestMappingHandlerMapping]Mapped "{[/user/getMyDeviceHistory.json],methods=[POST],params=[],headers=[],consumes=[],produces=[],custom=[]}" onto public java.util.ArrayList<java.util.HashMap> com.jie.controller.userController.getMyDeviceHistory(java.util.Map)
[INFO] [2019-11-07 16:12:07][org.springframework.web.servlet.mvc.method.annotation.RequestMappingHandlerMapping]Mapped "{[/user/insertDevicePoints.json],methods=[POST],params=[],headers=[],consumes=[],produces=[],custom=[]}" onto public void com.jie.controller.userController.insertDevicePoints(java.util.Map)
[INFO] [2019-11-07 16:12:07][org.springframework.web.servlet.mvc.method.annotation.RequestMappingHandlerMapping]Mapped "{[/user/updateDevicePosition.json],methods=[POST],params=[],headers=[],consumes=[],produces=[],custom=[]}" onto public boolean com.jie.controller.userController.updateDevicePosition(java.util.Map)
[INFO] [2019-11-07 16:12:07][org.springframework.web.servlet.mvc.method.annotation.RequestMappingHandlerMapping]Mapped "{[/user/selectMyhistoryDeviceNames.json],methods=[POST],params=[],headers=[],consumes=[],produces=[],custom=[]}" onto public java.util.List<java.util.Map> com.jie.controller.userController.selectMyhistoryDeviceNames(java.util.Map)
[INFO] [2019-11-07 16:12:07][org.springframework.web.servlet.mvc.method.annotation.RequestMappingHandlerMapping]Mapped "{[/user/isExistInDevicePoints.json],methods=[POST],params=[],headers=[],consumes=[],produces=[],custom=[]}" onto public boolean com.jie.controller.userController.isExistInDevicePoints(java.util.Map)
[INFO] [2019-11-07 16:12:07][org.springframework.web.servlet.mvc.method.annotation.RequestMappingHandlerMapping]Mapped "{[/user/getHistoryByHistoryId.json],methods=[POST],params=[],headers=[],consumes=[],produces=[],custom=[]}" onto public java.util.HashMap com.jie.controller.userController.getHistoryByHistoryId(java.util.Map)
[INFO] [2019-11-07 16:12:07][org.springframework.web.servlet.mvc.method.annotation.RequestMappingHandlerMapping]Mapped "{[/user/deleteDeviceFromMyDevices.json],methods=[POST],params=[],headers=[],consumes=[],produces=[],custom=[]}" onto public int com.jie.controller.userController.deleteDeviceFromMyDevices(java.util.Map)
[INFO] [2019-11-07 16:12:07][org.springframework.web.servlet.mvc.method.annotation.RequestMappingHandlerMapping]Mapped "{[/user/bindDeviceByAuthorizedCode.json],methods=[POST],params=[],headers=[],consumes=[],produces=[],custom=[]}" onto public java.lang.String com.jie.controller.userController.bindDeviceByAuthorizedCode(java.util.Map)
[INFO] [2019-11-07 16:12:08][org.springframework.web.servlet.mvc.method.annotation.RequestMappingHandlerAdapter]Detected @ModelAttribute methods in commonControllerAdvice
[INFO] [2019-11-07 16:12:08][org.springframework.web.servlet.mvc.method.annotation.RequestMappingHandlerAdapter]Detected @InitBinder methods in commonControllerAdvice
[INFO] [2019-11-07 16:12:08][org.springframework.web.servlet.mvc.method.annotation.RequestMappingHandlerAdapter]Detected @ModelAttribute methods in commonControllerAdvice
[INFO] [2019-11-07 16:12:08][org.springframework.web.servlet.mvc.method.annotation.RequestMappingHandlerAdapter]Detected @InitBinder methods in commonControllerAdvice
[INFO] [2019-11-07 16:12:08][org.springframework.web.servlet.mvc.method.annotation.ExceptionHandlerExceptionResolver]Detected @ExceptionHandler methods in commonControllerAdvice
